{"/home/camran/Documents/Projects/alchilazo/Backend/src/index.js": {"path":"/home/camran/Documents/Projects/alchilazo/Backend/src/index.js","statementMap":{"0":{"start":{"line":1,"column":16},"end":{"line":1,"column":34}},"1":{"start":{"line":2,"column":15},"end":{"line":2,"column":32}},"2":{"start":{"line":3,"column":13},"end":{"line":3,"column":28}},"3":{"start":{"line":4,"column":12},"end":{"line":4,"column":21}},"4":{"start":{"line":5,"column":15},"end":{"line":5,"column":41}},"5":{"start":{"line":6,"column":13},"end":{"line":6,"column":37}},"6":{"start":{"line":9,"column":0},"end":{"line":9,"column":23}},"7":{"start":{"line":10,"column":0},"end":{"line":10,"column":49}},"8":{"start":{"line":11,"column":0},"end":{"line":11,"column":24}},"9":{"start":{"line":12,"column":0},"end":{"line":12,"column":41}},"10":{"start":{"line":13,"column":0},"end":{"line":13,"column":47}},"11":{"start":{"line":14,"column":0},"end":{"line":14,"column":16}},"12":{"start":{"line":16,"column":0},"end":{"line":18,"column":3}},"13":{"start":{"line":17,"column":4},"end":{"line":17,"column":30}},"14":{"start":{"line":21,"column":0},"end":{"line":25,"column":1}},"15":{"start":{"line":22,"column":2},"end":{"line":24,"column":5}},"16":{"start":{"line":23,"column":4},"end":{"line":23,"column":63}},"17":{"start":{"line":27,"column":0},"end":{"line":27,"column":23}},"18":{"start":{"line":29,"column":0},"end":{"line":29,"column":23}}},"fnMap":{"0":{"name":"(anonymous_0)","decl":{"start":{"line":16,"column":13},"end":{"line":16,"column":14}},"loc":{"start":{"line":16,"column":27},"end":{"line":18,"column":1}},"line":16},"1":{"name":"(anonymous_1)","decl":{"start":{"line":22,"column":19},"end":{"line":22,"column":20}},"loc":{"start":{"line":22,"column":25},"end":{"line":24,"column":3}},"line":22}},"branchMap":{"0":{"loc":{"start":{"line":6,"column":13},"end":{"line":6,"column":37}},"type":"binary-expr","locations":[{"start":{"line":6,"column":13},"end":{"line":6,"column":17}},{"start":{"line":6,"column":21},"end":{"line":6,"column":37}}],"line":6},"1":{"loc":{"start":{"line":21,"column":0},"end":{"line":25,"column":1}},"type":"if","locations":[{"start":{"line":21,"column":0},"end":{"line":25,"column":1}},{"start":{},"end":{}}],"line":21}},"s":{"0":2,"1":2,"2":2,"3":2,"4":2,"5":2,"6":2,"7":2,"8":2,"9":2,"10":2,"11":2,"12":2,"13":1,"14":2,"15":0,"16":0,"17":2,"18":2},"f":{"0":1,"1":0},"b":{"0":[2,0],"1":[0,2]},"_coverageSchema":"1a1c01bbd47fc00a2c39e90264f33305004495a9","hash":"352e4a8623dec7210b2ce6d17786e3c981811830"}
,"/home/camran/Documents/Projects/alchilazo/Backend/src/config/config.js": {"path":"/home/camran/Documents/Projects/alchilazo/Backend/src/config/config.js","statementMap":{"0":{"start":{"line":1,"column":14},"end":{"line":1,"column":31}},"1":{"start":{"line":2,"column":0},"end":{"line":2,"column":27}},"2":{"start":{"line":4,"column":11},"end":{"line":24,"column":1}},"3":{"start":{"line":5,"column":22},"end":{"line":11,"column":5}},"4":{"start":{"line":13,"column":15},"end":{"line":13,"column":48}},"5":{"start":{"line":14,"column":4},"end":{"line":22,"column":6}},"6":{"start":{"line":15,"column":8},"end":{"line":19,"column":9}},"7":{"start":{"line":16,"column":8},"end":{"line":16,"column":63}},"8":{"start":{"line":17,"column":8},"end":{"line":17,"column":16}},"9":{"start":{"line":18,"column":8},"end":{"line":18,"column":20}},"10":{"start":{"line":20,"column":8},"end":{"line":20,"column":53}},"11":{"start":{"line":21,"column":8},"end":{"line":21,"column":18}},"12":{"start":{"line":23,"column":4},"end":{"line":23,"column":14}},"13":{"start":{"line":27,"column":0},"end":{"line":27,"column":24}}},"fnMap":{"0":{"name":"(anonymous_0)","decl":{"start":{"line":4,"column":11},"end":{"line":4,"column":12}},"loc":{"start":{"line":4,"column":17},"end":{"line":24,"column":1}},"line":4},"1":{"name":"(anonymous_1)","decl":{"start":{"line":14,"column":15},"end":{"line":14,"column":16}},"loc":{"start":{"line":14,"column":24},"end":{"line":22,"column":5}},"line":14}},"branchMap":{"0":{"loc":{"start":{"line":15,"column":8},"end":{"line":19,"column":9}},"type":"if","locations":[{"start":{"line":15,"column":8},"end":{"line":19,"column":9}},{"start":{},"end":{}}],"line":15}},"s":{"0":2,"1":2,"2":2,"3":0,"4":0,"5":0,"6":0,"7":0,"8":0,"9":0,"10":0,"11":0,"12":0,"13":2},"f":{"0":0,"1":0},"b":{"0":[0,0]},"_coverageSchema":"1a1c01bbd47fc00a2c39e90264f33305004495a9","hash":"49209de415adb537885ddf66c7a763ec85f56075"}
,"/home/camran/Documents/Projects/alchilazo/Backend/src/config/jwtConfig.js": {"path":"/home/camran/Documents/Projects/alchilazo/Backend/src/config/jwtConfig.js","statementMap":{"0":{"start":{"line":1,"column":12},"end":{"line":1,"column":35}},"1":{"start":{"line":2,"column":0},"end":{"line":2,"column":27}},"2":{"start":{"line":3,"column":18},"end":{"line":3,"column":44}},"3":{"start":{"line":6,"column":0},"end":{"line":10,"column":1}},"4":{"start":{"line":8,"column":18},"end":{"line":8,"column":75}},"5":{"start":{"line":9,"column":4},"end":{"line":9,"column":17}},"6":{"start":{"line":13,"column":0},"end":{"line":34,"column":4}},"7":{"start":{"line":15,"column":18},"end":{"line":15,"column":58}},"8":{"start":{"line":17,"column":4},"end":{"line":19,"column":5}},"9":{"start":{"line":18,"column":6},"end":{"line":18,"column":73}},"10":{"start":{"line":21,"column":4},"end":{"line":33,"column":5}},"11":{"start":{"line":23,"column":27},"end":{"line":23,"column":55}},"12":{"start":{"line":26,"column":6},"end":{"line":26,"column":39}},"13":{"start":{"line":27,"column":6},"end":{"line":27,"column":33}},"14":{"start":{"line":30,"column":6},"end":{"line":30,"column":13}},"15":{"start":{"line":32,"column":6},"end":{"line":32,"column":65}},"16":{"start":{"line":36,"column":0},"end":{"line":52,"column":1}},"17":{"start":{"line":37,"column":19},"end":{"line":37,"column":29}},"18":{"start":{"line":38,"column":21},"end":{"line":38,"column":28}},"19":{"start":{"line":39,"column":18},"end":{"line":39,"column":26}},"20":{"start":{"line":41,"column":4},"end":{"line":51,"column":5}},"21":{"start":{"line":42,"column":8},"end":{"line":45,"column":11}},"22":{"start":{"line":47,"column":8},"end":{"line":50,"column":10}}},"fnMap":{"0":{"name":"(anonymous_0)","decl":{"start":{"line":6,"column":22},"end":{"line":6,"column":23}},"loc":{"start":{"line":6,"column":39},"end":{"line":10,"column":1}},"line":6},"1":{"name":"(anonymous_1)","decl":{"start":{"line":13,"column":24},"end":{"line":13,"column":25}},"loc":{"start":{"line":13,"column":44},"end":{"line":34,"column":3}},"line":13},"2":{"name":"(anonymous_2)","decl":{"start":{"line":36,"column":23},"end":{"line":36,"column":24}},"loc":{"start":{"line":36,"column":37},"end":{"line":52,"column":1}},"line":36}},"branchMap":{"0":{"loc":{"start":{"line":17,"column":4},"end":{"line":19,"column":5}},"type":"if","locations":[{"start":{"line":17,"column":4},"end":{"line":19,"column":5}},{"start":{},"end":{}}],"line":17},"1":{"loc":{"start":{"line":41,"column":4},"end":{"line":51,"column":5}},"type":"if","locations":[{"start":{"line":41,"column":4},"end":{"line":51,"column":5}},{"start":{"line":46,"column":9},"end":{"line":51,"column":5}}],"line":41},"2":{"loc":{"start":{"line":41,"column":7},"end":{"line":41,"column":65}},"type":"binary-expr","locations":[{"start":{"line":41,"column":7},"end":{"line":41,"column":22}},{"start":{"line":41,"column":27},"end":{"line":41,"column":46}},{"start":{"line":41,"column":50},"end":{"line":41,"column":64}}],"line":41}},"s":{"0":2,"1":2,"2":2,"3":2,"4":1,"5":1,"6":2,"7":0,"8":0,"9":0,"10":0,"11":0,"12":0,"13":0,"14":0,"15":0,"16":2,"17":0,"18":0,"19":0,"20":0,"21":0,"22":0},"f":{"0":1,"1":0,"2":0},"b":{"0":[0,0],"1":[0,0],"2":[0,0,0]},"_coverageSchema":"1a1c01bbd47fc00a2c39e90264f33305004495a9","hash":"adef6016c9d360d6e1b3e1be8eab0e94b3102143"}
,"/home/camran/Documents/Projects/alchilazo/Backend/src/config/s3config.js": {"path":"/home/camran/Documents/Projects/alchilazo/Backend/src/config/s3config.js","statementMap":{"0":{"start":{"line":1,"column":21},"end":{"line":1,"column":50}},"1":{"start":{"line":2,"column":15},"end":{"line":2,"column":32}},"2":{"start":{"line":3,"column":17},"end":{"line":3,"column":37}},"3":{"start":{"line":4,"column":16},"end":{"line":4,"column":34}},"4":{"start":{"line":5,"column":21},"end":{"line":5,"column":38}},"5":{"start":{"line":6,"column":0},"end":{"line":6,"column":27}},"6":{"start":{"line":7,"column":9},"end":{"line":13,"column":2}},"7":{"start":{"line":16,"column":15},"end":{"line":28,"column":2}},"8":{"start":{"line":22,"column":12},"end":{"line":22,"column":49}},"9":{"start":{"line":25,"column":10},"end":{"line":25,"column":65}},"10":{"start":{"line":51,"column":0},"end":{"line":51,"column":26}}},"fnMap":{"0":{"name":"(anonymous_0)","decl":{"start":{"line":21,"column":18},"end":{"line":21,"column":19}},"loc":{"start":{"line":21,"column":41},"end":{"line":23,"column":9}},"line":21},"1":{"name":"(anonymous_1)","decl":{"start":{"line":24,"column":13},"end":{"line":24,"column":14}},"loc":{"start":{"line":24,"column":38},"end":{"line":26,"column":9}},"line":24}},"branchMap":{},"s":{"0":2,"1":2,"2":2,"3":2,"4":2,"5":2,"6":2,"7":2,"8":14,"9":14,"10":2},"f":{"0":14,"1":14},"b":{},"_coverageSchema":"1a1c01bbd47fc00a2c39e90264f33305004495a9","hash":"c585c083979a773d3ef09b2d2af0a649c44fe1c3"}
,"/home/camran/Documents/Projects/alchilazo/Backend/src/controllers/adminController.js": {"path":"/home/camran/Documents/Projects/alchilazo/Backend/src/controllers/adminController.js","statementMap":{"0":{"start":{"line":2,"column":13},"end":{"line":2,"column":40}},"1":{"start":{"line":3,"column":15},"end":{"line":3,"column":40}},"2":{"start":{"line":4,"column":24},"end":{"line":4,"column":54}},"3":{"start":{"line":8,"column":24},"end":{"line":53,"column":1}},"4":{"start":{"line":10,"column":4},"end":{"line":52,"column":5}},"5":{"start":{"line":11,"column":27},"end":{"line":11,"column":31}},"6":{"start":{"line":12,"column":20},"end":{"line":28,"column":42}},"7":{"start":{"line":30,"column":8},"end":{"line":47,"column":10}},"8":{"start":{"line":31,"column":12},"end":{"line":31,"column":28}},"9":{"start":{"line":33,"column":12},"end":{"line":46,"column":13}},"10":{"start":{"line":34,"column":16},"end":{"line":34,"column":35}},"11":{"start":{"line":35,"column":16},"end":{"line":35,"column":100}},"12":{"start":{"line":37,"column":16},"end":{"line":41,"column":17}},"13":{"start":{"line":38,"column":20},"end":{"line":40,"column":22}},"14":{"start":{"line":39,"column":24},"end":{"line":39,"column":56}},"15":{"start":{"line":42,"column":16},"end":{"line":45,"column":18}},"16":{"start":{"line":49,"column":8},"end":{"line":49,"column":47}},"17":{"start":{"line":50,"column":8},"end":{"line":50,"column":26}},"18":{"start":{"line":51,"column":8},"end":{"line":51,"column":81}},"19":{"start":{"line":55,"column":23},"end":{"line":98,"column":1}},"20":{"start":{"line":57,"column":4},"end":{"line":96,"column":5}},"21":{"start":{"line":58,"column":19},"end":{"line":58,"column":30}},"22":{"start":{"line":59,"column":22},"end":{"line":59,"column":58}},"23":{"start":{"line":60,"column":24},"end":{"line":60,"column":53}},"24":{"start":{"line":62,"column":22},"end":{"line":62,"column":210}},"25":{"start":{"line":63,"column":27},"end":{"line":63,"column":31}},"26":{"start":{"line":65,"column":8},"end":{"line":90,"column":10}},"27":{"start":{"line":66,"column":12},"end":{"line":66,"column":28}},"28":{"start":{"line":67,"column":12},"end":{"line":89,"column":13}},"29":{"start":{"line":68,"column":16},"end":{"line":68,"column":35}},"30":{"start":{"line":69,"column":16},"end":{"line":69,"column":96}},"31":{"start":{"line":72,"column":16},"end":{"line":72,"column":106}},"32":{"start":{"line":74,"column":28},"end":{"line":79,"column":17}},"33":{"start":{"line":81,"column":16},"end":{"line":88,"column":23}},"34":{"start":{"line":83,"column":24},"end":{"line":83,"column":89}},"35":{"start":{"line":86,"column":24},"end":{"line":86,"column":57}},"36":{"start":{"line":87,"column":24},"end":{"line":87,"column":114}},"37":{"start":{"line":93,"column":8},"end":{"line":93,"column":46}},"38":{"start":{"line":94,"column":8},"end":{"line":94,"column":26}},"39":{"start":{"line":95,"column":8},"end":{"line":95,"column":81}},"40":{"start":{"line":100,"column":21},"end":{"line":177,"column":1}},"41":{"start":{"line":101,"column":17},"end":{"line":175,"column":12}},"42":{"start":{"line":176,"column":4},"end":{"line":176,"column":15}},"43":{"start":{"line":179,"column":19},"end":{"line":188,"column":1}},"44":{"start":{"line":180,"column":34},"end":{"line":180,"column":42}},"45":{"start":{"line":181,"column":4},"end":{"line":186,"column":5}},"46":{"start":{"line":182,"column":22},"end":{"line":182,"column":51}},"47":{"start":{"line":183,"column":8},"end":{"line":183,"column":79}},"48":{"start":{"line":185,"column":8},"end":{"line":185,"column":96}},"49":{"start":{"line":191,"column":0},"end":{"line":195,"column":1}}},"fnMap":{"0":{"name":"(anonymous_0)","decl":{"start":{"line":8,"column":24},"end":{"line":8,"column":25}},"loc":{"start":{"line":8,"column":38},"end":{"line":53,"column":1}},"line":8},"1":{"name":"(anonymous_1)","decl":{"start":{"line":30,"column":32},"end":{"line":30,"column":33}},"loc":{"start":{"line":30,"column":51},"end":{"line":47,"column":9}},"line":30},"2":{"name":"(anonymous_2)","decl":{"start":{"line":38,"column":34},"end":{"line":38,"column":35}},"loc":{"start":{"line":38,"column":44},"end":{"line":40,"column":21}},"line":38},"3":{"name":"(anonymous_3)","decl":{"start":{"line":55,"column":23},"end":{"line":55,"column":24}},"loc":{"start":{"line":55,"column":37},"end":{"line":98,"column":1}},"line":55},"4":{"name":"(anonymous_4)","decl":{"start":{"line":65,"column":32},"end":{"line":65,"column":33}},"loc":{"start":{"line":65,"column":51},"end":{"line":90,"column":9}},"line":65},"5":{"name":"(anonymous_5)","decl":{"start":{"line":82,"column":26},"end":{"line":82,"column":27}},"loc":{"start":{"line":82,"column":32},"end":{"line":84,"column":21}},"line":82},"6":{"name":"(anonymous_6)","decl":{"start":{"line":85,"column":27},"end":{"line":85,"column":28}},"loc":{"start":{"line":85,"column":38},"end":{"line":88,"column":21}},"line":85},"7":{"name":"(anonymous_7)","decl":{"start":{"line":100,"column":21},"end":{"line":100,"column":22}},"loc":{"start":{"line":100,"column":49},"end":{"line":177,"column":1}},"line":100},"8":{"name":"(anonymous_8)","decl":{"start":{"line":179,"column":19},"end":{"line":179,"column":20}},"loc":{"start":{"line":179,"column":33},"end":{"line":188,"column":1}},"line":179}},"branchMap":{"0":{"loc":{"start":{"line":33,"column":12},"end":{"line":46,"column":13}},"type":"if","locations":[{"start":{"line":33,"column":12},"end":{"line":46,"column":13}},{"start":{"line":36,"column":19},"end":{"line":46,"column":13}}],"line":33},"1":{"loc":{"start":{"line":37,"column":16},"end":{"line":41,"column":17}},"type":"if","locations":[{"start":{"line":37,"column":16},"end":{"line":41,"column":17}},{"start":{},"end":{}}],"line":37},"2":{"loc":{"start":{"line":59,"column":22},"end":{"line":59,"column":58}},"type":"cond-expr","locations":[{"start":{"line":59,"column":39},"end":{"line":59,"column":53}},{"start":{"line":59,"column":56},"end":{"line":59,"column":58}}],"line":59},"3":{"loc":{"start":{"line":60,"column":24},"end":{"line":60,"column":53}},"type":"cond-expr","locations":[{"start":{"line":60,"column":43},"end":{"line":60,"column":45}},{"start":{"line":60,"column":48},"end":{"line":60,"column":53}}],"line":60},"4":{"loc":{"start":{"line":62,"column":22},"end":{"line":62,"column":210}},"type":"cond-expr","locations":[{"start":{"line":62,"column":43},"end":{"line":62,"column":122}},{"start":{"line":62,"column":125},"end":{"line":62,"column":210}}],"line":62},"5":{"loc":{"start":{"line":67,"column":12},"end":{"line":89,"column":13}},"type":"if","locations":[{"start":{"line":67,"column":12},"end":{"line":89,"column":13}},{"start":{"line":70,"column":19},"end":{"line":89,"column":13}}],"line":67},"6":{"loc":{"start":{"line":78,"column":48},"end":{"line":78,"column":120}},"type":"cond-expr","locations":[{"start":{"line":78,"column":73},"end":{"line":78,"column":115}},{"start":{"line":78,"column":118},"end":{"line":78,"column":120}}],"line":78},"7":{"loc":{"start":{"line":181,"column":4},"end":{"line":186,"column":5}},"type":"if","locations":[{"start":{"line":181,"column":4},"end":{"line":186,"column":5}},{"start":{"line":184,"column":9},"end":{"line":186,"column":5}}],"line":181},"8":{"loc":{"start":{"line":181,"column":7},"end":{"line":181,"column":50}},"type":"binary-expr","locations":[{"start":{"line":181,"column":7},"end":{"line":181,"column":26}},{"start":{"line":181,"column":30},"end":{"line":181,"column":50}}],"line":181}},"s":{"0":2,"1":2,"2":2,"3":2,"4":0,"5":0,"6":0,"7":0,"8":0,"9":0,"10":0,"11":0,"12":0,"13":0,"14":0,"15":0,"16":0,"17":0,"18":0,"19":2,"20":0,"21":0,"22":0,"23":0,"24":0,"25":0,"26":0,"27":0,"28":0,"29":0,"30":0,"31":0,"32":0,"33":0,"34":0,"35":0,"36":0,"37":0,"38":0,"39":0,"40":2,"41":0,"42":0,"43":2,"44":0,"45":0,"46":0,"47":0,"48":0,"49":2},"f":{"0":0,"1":0,"2":0,"3":0,"4":0,"5":0,"6":0,"7":0,"8":0},"b":{"0":[0,0],"1":[0,0],"2":[0,0],"3":[0,0],"4":[0,0],"5":[0,0],"6":[0,0],"7":[0,0],"8":[0,0]},"_coverageSchema":"1a1c01bbd47fc00a2c39e90264f33305004495a9","hash":"cb4ce60eb90daabe0f4438e72527680287b57871"}
,"/home/camran/Documents/Projects/alchilazo/Backend/src/controllers/depaCiudadController.js": {"path":"/home/camran/Documents/Projects/alchilazo/Backend/src/controllers/depaCiudadController.js","statementMap":{"0":{"start":{"line":1,"column":13},"end":{"line":1,"column":40}},"1":{"start":{"line":3,"column":25},"end":{"line":23,"column":1}},"2":{"start":{"line":5,"column":2},"end":{"line":22,"column":3}},"3":{"start":{"line":6,"column":23},"end":{"line":6,"column":27}},"4":{"start":{"line":7,"column":16},"end":{"line":7,"column":45}},"5":{"start":{"line":9,"column":4},"end":{"line":19,"column":6}},"6":{"start":{"line":10,"column":6},"end":{"line":10,"column":22}},"7":{"start":{"line":12,"column":6},"end":{"line":18,"column":7}},"8":{"start":{"line":13,"column":8},"end":{"line":13,"column":92}},"9":{"start":{"line":15,"column":8},"end":{"line":17,"column":10}},"10":{"start":{"line":21,"column":4},"end":{"line":21,"column":77}},"11":{"start":{"line":25,"column":22},"end":{"line":48,"column":1}},"12":{"start":{"line":27,"column":2},"end":{"line":47,"column":3}},"13":{"start":{"line":29,"column":23},"end":{"line":29,"column":27}},"14":{"start":{"line":30,"column":25},"end":{"line":30,"column":46}},"15":{"start":{"line":32,"column":18},"end":{"line":32,"column":81}},"16":{"start":{"line":34,"column":4},"end":{"line":44,"column":6}},"17":{"start":{"line":35,"column":6},"end":{"line":35,"column":22}},"18":{"start":{"line":37,"column":6},"end":{"line":43,"column":7}},"19":{"start":{"line":38,"column":8},"end":{"line":38,"column":92}},"20":{"start":{"line":40,"column":8},"end":{"line":42,"column":10}},"21":{"start":{"line":46,"column":4},"end":{"line":46,"column":77}},"22":{"start":{"line":50,"column":0},"end":{"line":53,"column":1}}},"fnMap":{"0":{"name":"(anonymous_0)","decl":{"start":{"line":3,"column":25},"end":{"line":3,"column":26}},"loc":{"start":{"line":3,"column":39},"end":{"line":23,"column":1}},"line":3},"1":{"name":"(anonymous_1)","decl":{"start":{"line":9,"column":28},"end":{"line":9,"column":29}},"loc":{"start":{"line":9,"column":47},"end":{"line":19,"column":5}},"line":9},"2":{"name":"(anonymous_2)","decl":{"start":{"line":25,"column":22},"end":{"line":25,"column":23}},"loc":{"start":{"line":25,"column":36},"end":{"line":48,"column":1}},"line":25},"3":{"name":"(anonymous_3)","decl":{"start":{"line":34,"column":28},"end":{"line":34,"column":29}},"loc":{"start":{"line":34,"column":47},"end":{"line":44,"column":5}},"line":34}},"branchMap":{"0":{"loc":{"start":{"line":12,"column":6},"end":{"line":18,"column":7}},"type":"if","locations":[{"start":{"line":12,"column":6},"end":{"line":18,"column":7}},{"start":{"line":14,"column":13},"end":{"line":18,"column":7}}],"line":12},"1":{"loc":{"start":{"line":37,"column":6},"end":{"line":43,"column":7}},"type":"if","locations":[{"start":{"line":37,"column":6},"end":{"line":43,"column":7}},{"start":{"line":39,"column":13},"end":{"line":43,"column":7}}],"line":37}},"s":{"0":2,"1":2,"2":0,"3":0,"4":0,"5":0,"6":0,"7":0,"8":0,"9":0,"10":0,"11":2,"12":0,"13":0,"14":0,"15":0,"16":0,"17":0,"18":0,"19":0,"20":0,"21":0,"22":2},"f":{"0":0,"1":0,"2":0,"3":0},"b":{"0":[0,0],"1":[0,0]},"_coverageSchema":"1a1c01bbd47fc00a2c39e90264f33305004495a9","hash":"5b40bb4af58502c4334c416e781df3142dc046d2"}
,"/home/camran/Documents/Projects/alchilazo/Backend/src/controllers/empresaController.js": {"path":"/home/camran/Documents/Projects/alchilazo/Backend/src/controllers/empresaController.js","statementMap":{"0":{"start":{"line":1,"column":13},"end":{"line":1,"column":40}},"1":{"start":{"line":2,"column":25},"end":{"line":2,"column":54}},"2":{"start":{"line":3,"column":15},"end":{"line":3,"column":32}},"3":{"start":{"line":4,"column":21},"end":{"line":4,"column":39}},"4":{"start":{"line":5,"column":24},"end":{"line":5,"column":54}},"5":{"start":{"line":6,"column":26},"end":{"line":6,"column":28}},"6":{"start":{"line":9,"column":27},"end":{"line":9,"column":46}},"7":{"start":{"line":10,"column":15},"end":{"line":10,"column":76}},"8":{"start":{"line":11,"column":4},"end":{"line":11,"column":16}},"9":{"start":{"line":15,"column":4},"end":{"line":17,"column":5}},"10":{"start":{"line":16,"column":8},"end":{"line":16,"column":20}},"11":{"start":{"line":18,"column":4},"end":{"line":18,"column":17}},"12":{"start":{"line":22,"column":4},"end":{"line":26,"column":5}},"13":{"start":{"line":22,"column":16},"end":{"line":22,"column":17}},"14":{"start":{"line":23,"column":8},"end":{"line":25,"column":9}},"15":{"start":{"line":24,"column":12},"end":{"line":24,"column":25}},"16":{"start":{"line":27,"column":4},"end":{"line":27,"column":16}},"17":{"start":{"line":32,"column":0},"end":{"line":127,"column":1}},"18":{"start":{"line":33,"column":21},"end":{"line":33,"column":29}},"19":{"start":{"line":34,"column":20},"end":{"line":34,"column":21}},"20":{"start":{"line":35,"column":20},"end":{"line":35,"column":21}},"21":{"start":{"line":36,"column":22},"end":{"line":36,"column":62}},"22":{"start":{"line":37,"column":22},"end":{"line":40,"column":55}},"23":{"start":{"line":41,"column":30},"end":{"line":46,"column":65}},"24":{"start":{"line":47,"column":27},"end":{"line":52,"column":62}},"25":{"start":{"line":53,"column":4},"end":{"line":126,"column":5}},"26":{"start":{"line":54,"column":27},"end":{"line":54,"column":31}},"27":{"start":{"line":55,"column":8},"end":{"line":119,"column":11}},"28":{"start":{"line":56,"column":12},"end":{"line":118,"column":13}},"29":{"start":{"line":57,"column":16},"end":{"line":57,"column":33}},"30":{"start":{"line":58,"column":16},"end":{"line":62,"column":19}},"31":{"start":{"line":64,"column":34},"end":{"line":64,"column":53}},"32":{"start":{"line":65,"column":16},"end":{"line":117,"column":19}},"33":{"start":{"line":66,"column":20},"end":{"line":116,"column":21}},"34":{"start":{"line":67,"column":24},"end":{"line":67,"column":40}},"35":{"start":{"line":68,"column":24},"end":{"line":68,"column":41}},"36":{"start":{"line":69,"column":24},"end":{"line":73,"column":27}},"37":{"start":{"line":75,"column":39},"end":{"line":75,"column":45}},"38":{"start":{"line":76,"column":43},"end":{"line":76,"column":45}},"39":{"start":{"line":77,"column":24},"end":{"line":115,"column":25}},"40":{"start":{"line":77,"column":38},"end":{"line":77,"column":39}},"41":{"start":{"line":78,"column":42},"end":{"line":78,"column":55}},"42":{"start":{"line":79,"column":44},"end":{"line":79,"column":64}},"43":{"start":{"line":80,"column":28},"end":{"line":114,"column":31}},"44":{"start":{"line":81,"column":32},"end":{"line":113,"column":33}},"45":{"start":{"line":82,"column":36},"end":{"line":82,"column":53}},"46":{"start":{"line":83,"column":36},"end":{"line":86,"column":39}},"47":{"start":{"line":88,"column":54},"end":{"line":88,"column":60}},"48":{"start":{"line":89,"column":36},"end":{"line":112,"column":39}},"49":{"start":{"line":90,"column":40},"end":{"line":111,"column":41}},"50":{"start":{"line":91,"column":44},"end":{"line":91,"column":61}},"51":{"start":{"line":92,"column":44},"end":{"line":95,"column":47}},"52":{"start":{"line":97,"column":59},"end":{"line":97,"column":65}},"53":{"start":{"line":98,"column":57},"end":{"line":102,"column":45}},"54":{"start":{"line":103,"column":44},"end":{"line":103,"column":66}},"55":{"start":{"line":104,"column":44},"end":{"line":110,"column":45}},"56":{"start":{"line":105,"column":48},"end":{"line":105,"column":65}},"57":{"start":{"line":106,"column":48},"end":{"line":109,"column":51}},"58":{"start":{"line":121,"column":8},"end":{"line":121,"column":26}},"59":{"start":{"line":122,"column":8},"end":{"line":125,"column":11}},"60":{"start":{"line":130,"column":0},"end":{"line":240,"column":1}},"61":{"start":{"line":131,"column":21},"end":{"line":131,"column":29}},"62":{"start":{"line":132,"column":20},"end":{"line":132,"column":21}},"63":{"start":{"line":133,"column":20},"end":{"line":133,"column":21}},"64":{"start":{"line":134,"column":22},"end":{"line":134,"column":62}},"65":{"start":{"line":135,"column":21},"end":{"line":143,"column":32}},"66":{"start":{"line":144,"column":24},"end":{"line":144,"column":69}},"67":{"start":{"line":145,"column":21},"end":{"line":145,"column":60}},"68":{"start":{"line":146,"column":4},"end":{"line":238,"column":5}},"69":{"start":{"line":147,"column":27},"end":{"line":147,"column":31}},"70":{"start":{"line":148,"column":8},"end":{"line":230,"column":11}},"71":{"start":{"line":149,"column":12},"end":{"line":229,"column":13}},"72":{"start":{"line":150,"column":16},"end":{"line":150,"column":33}},"73":{"start":{"line":151,"column":16},"end":{"line":154,"column":19}},"74":{"start":{"line":156,"column":34},"end":{"line":156,"column":53}},"75":{"start":{"line":157,"column":16},"end":{"line":228,"column":18}},"76":{"start":{"line":158,"column":20},"end":{"line":227,"column":21}},"77":{"start":{"line":159,"column":24},"end":{"line":159,"column":41}},"78":{"start":{"line":160,"column":24},"end":{"line":163,"column":27}},"79":{"start":{"line":165,"column":24},"end":{"line":226,"column":25}},"80":{"start":{"line":166,"column":47},"end":{"line":166,"column":67}},"81":{"start":{"line":167,"column":44},"end":{"line":167,"column":61}},"82":{"start":{"line":168,"column":42},"end":{"line":168,"column":57}},"83":{"start":{"line":169,"column":28},"end":{"line":214,"column":29}},"84":{"start":{"line":171,"column":32},"end":{"line":191,"column":35}},"85":{"start":{"line":172,"column":36},"end":{"line":172,"column":53}},"86":{"start":{"line":173,"column":36},"end":{"line":190,"column":37}},"87":{"start":{"line":174,"column":40},"end":{"line":177,"column":43}},"88":{"start":{"line":180,"column":40},"end":{"line":189,"column":42}},"89":{"start":{"line":194,"column":32},"end":{"line":213,"column":35}},"90":{"start":{"line":195,"column":36},"end":{"line":195,"column":53}},"91":{"start":{"line":196,"column":36},"end":{"line":212,"column":37}},"92":{"start":{"line":197,"column":40},"end":{"line":200,"column":43}},"93":{"start":{"line":202,"column":40},"end":{"line":211,"column":42}},"94":{"start":{"line":216,"column":28},"end":{"line":225,"column":31}},"95":{"start":{"line":232,"column":8},"end":{"line":232,"column":50}},"96":{"start":{"line":233,"column":8},"end":{"line":233,"column":27}},"97":{"start":{"line":234,"column":8},"end":{"line":237,"column":11}},"98":{"start":{"line":242,"column":0},"end":{"line":328,"column":1}},"99":{"start":{"line":243,"column":22},"end":{"line":243,"column":40}},"100":{"start":{"line":244,"column":19},"end":{"line":244,"column":34}},"101":{"start":{"line":245,"column":22},"end":{"line":245,"column":79}},"102":{"start":{"line":246,"column":24},"end":{"line":256,"column":49}},"103":{"start":{"line":257,"column":21},"end":{"line":274,"column":45}},"104":{"start":{"line":275,"column":4},"end":{"line":327,"column":5}},"105":{"start":{"line":276,"column":27},"end":{"line":276,"column":31}},"106":{"start":{"line":277,"column":8},"end":{"line":320,"column":11}},"107":{"start":{"line":278,"column":12},"end":{"line":319,"column":13}},"108":{"start":{"line":279,"column":16},"end":{"line":279,"column":33}},"109":{"start":{"line":280,"column":16},"end":{"line":283,"column":18}},"110":{"start":{"line":285,"column":34},"end":{"line":285,"column":52}},"111":{"start":{"line":286,"column":16},"end":{"line":318,"column":19}},"112":{"start":{"line":287,"column":20},"end":{"line":316,"column":21}},"113":{"start":{"line":288,"column":24},"end":{"line":288,"column":41}},"114":{"start":{"line":289,"column":24},"end":{"line":292,"column":26}},"115":{"start":{"line":294,"column":24},"end":{"line":315,"column":25}},"116":{"start":{"line":295,"column":28},"end":{"line":295,"column":45}},"117":{"start":{"line":296,"column":28},"end":{"line":299,"column":30}},"118":{"start":{"line":301,"column":28},"end":{"line":314,"column":30}},"119":{"start":{"line":302,"column":32},"end":{"line":302,"column":49}},"120":{"start":{"line":303,"column":32},"end":{"line":313,"column":33}},"121":{"start":{"line":304,"column":36},"end":{"line":307,"column":38}},"122":{"start":{"line":309,"column":36},"end":{"line":312,"column":38}},"123":{"start":{"line":322,"column":8},"end":{"line":322,"column":27}},"124":{"start":{"line":323,"column":8},"end":{"line":326,"column":10}},"125":{"start":{"line":330,"column":0},"end":{"line":345,"column":1}},"126":{"start":{"line":331,"column":4},"end":{"line":344,"column":5}},"127":{"start":{"line":332,"column":21},"end":{"line":332,"column":38}},"128":{"start":{"line":333,"column":8},"end":{"line":336,"column":10}},"129":{"start":{"line":338,"column":8},"end":{"line":338,"column":34}},"130":{"start":{"line":339,"column":8},"end":{"line":339,"column":27}},"131":{"start":{"line":340,"column":8},"end":{"line":343,"column":11}},"132":{"start":{"line":347,"column":0},"end":{"line":373,"column":1}},"133":{"start":{"line":348,"column":23},"end":{"line":348,"column":32}},"134":{"start":{"line":349,"column":21},"end":{"line":349,"column":61}},"135":{"start":{"line":350,"column":4},"end":{"line":372,"column":5}},"136":{"start":{"line":351,"column":27},"end":{"line":351,"column":31}},"137":{"start":{"line":352,"column":8},"end":{"line":366,"column":10}},"138":{"start":{"line":353,"column":12},"end":{"line":353,"column":29}},"139":{"start":{"line":354,"column":12},"end":{"line":365,"column":13}},"140":{"start":{"line":355,"column":16},"end":{"line":355,"column":33}},"141":{"start":{"line":356,"column":16},"end":{"line":359,"column":18}},"142":{"start":{"line":361,"column":16},"end":{"line":364,"column":19}},"143":{"start":{"line":368,"column":8},"end":{"line":371,"column":10}},"144":{"start":{"line":375,"column":0},"end":{"line":401,"column":1}},"145":{"start":{"line":376,"column":30},"end":{"line":376,"column":38}},"146":{"start":{"line":377,"column":4},"end":{"line":400,"column":5}},"147":{"start":{"line":378,"column":27},"end":{"line":378,"column":31}},"148":{"start":{"line":379,"column":25},"end":{"line":379,"column":80}},"149":{"start":{"line":380,"column":29},"end":{"line":380,"column":46}},"150":{"start":{"line":381,"column":8},"end":{"line":395,"column":11}},"151":{"start":{"line":382,"column":12},"end":{"line":382,"column":29}},"152":{"start":{"line":383,"column":12},"end":{"line":394,"column":13}},"153":{"start":{"line":384,"column":16},"end":{"line":384,"column":32}},"154":{"start":{"line":385,"column":16},"end":{"line":388,"column":18}},"155":{"start":{"line":390,"column":16},"end":{"line":393,"column":18}},"156":{"start":{"line":397,"column":8},"end":{"line":397,"column":44}},"157":{"start":{"line":398,"column":8},"end":{"line":398,"column":26}},"158":{"start":{"line":399,"column":8},"end":{"line":399,"column":93}},"159":{"start":{"line":403,"column":0},"end":{"line":427,"column":1}},"160":{"start":{"line":404,"column":4},"end":{"line":426,"column":5}},"161":{"start":{"line":405,"column":27},"end":{"line":405,"column":31}},"162":{"start":{"line":406,"column":22},"end":{"line":406,"column":47}},"163":{"start":{"line":407,"column":8},"end":{"line":421,"column":10}},"164":{"start":{"line":408,"column":12},"end":{"line":408,"column":29}},"165":{"start":{"line":409,"column":12},"end":{"line":420,"column":13}},"166":{"start":{"line":410,"column":16},"end":{"line":410,"column":32}},"167":{"start":{"line":411,"column":16},"end":{"line":414,"column":18}},"168":{"start":{"line":416,"column":16},"end":{"line":419,"column":18}},"169":{"start":{"line":423,"column":8},"end":{"line":423,"column":45}},"170":{"start":{"line":424,"column":8},"end":{"line":424,"column":26}},"171":{"start":{"line":425,"column":8},"end":{"line":425,"column":79}},"172":{"start":{"line":430,"column":0},"end":{"line":483,"column":1}},"173":{"start":{"line":431,"column":31},"end":{"line":431,"column":39}},"174":{"start":{"line":432,"column":4},"end":{"line":482,"column":5}},"175":{"start":{"line":433,"column":27},"end":{"line":433,"column":31}},"176":{"start":{"line":434,"column":22},"end":{"line":434,"column":93}},"177":{"start":{"line":435,"column":8},"end":{"line":475,"column":10}},"178":{"start":{"line":436,"column":12},"end":{"line":436,"column":29}},"179":{"start":{"line":437,"column":12},"end":{"line":474,"column":13}},"180":{"start":{"line":438,"column":16},"end":{"line":438,"column":32}},"181":{"start":{"line":439,"column":16},"end":{"line":442,"column":18}},"182":{"start":{"line":444,"column":16},"end":{"line":473,"column":17}},"183":{"start":{"line":445,"column":20},"end":{"line":447,"column":22}},"184":{"start":{"line":449,"column":35},"end":{"line":449,"column":51}},"185":{"start":{"line":450,"column":45},"end":{"line":450,"column":63}},"186":{"start":{"line":451,"column":20},"end":{"line":472,"column":21}},"187":{"start":{"line":452,"column":24},"end":{"line":466,"column":25}},"188":{"start":{"line":453,"column":28},"end":{"line":456,"column":30}},"189":{"start":{"line":458,"column":42},"end":{"line":458,"column":72}},"190":{"start":{"line":459,"column":28},"end":{"line":465,"column":31}},"191":{"start":{"line":468,"column":24},"end":{"line":471,"column":26}},"192":{"start":{"line":477,"column":8},"end":{"line":477,"column":24}},"193":{"start":{"line":478,"column":8},"end":{"line":481,"column":10}},"194":{"start":{"line":485,"column":0},"end":{"line":602,"column":1}},"195":{"start":{"line":487,"column":59},"end":{"line":487,"column":67}},"196":{"start":{"line":488,"column":19},"end":{"line":488,"column":20}},"197":{"start":{"line":489,"column":4},"end":{"line":489,"column":31}},"198":{"start":{"line":490,"column":4},"end":{"line":601,"column":5}},"199":{"start":{"line":492,"column":31},"end":{"line":492,"column":44}},"200":{"start":{"line":493,"column":27},"end":{"line":493,"column":40}},"201":{"start":{"line":494,"column":26},"end":{"line":494,"column":39}},"202":{"start":{"line":495,"column":8},"end":{"line":497,"column":9}},"203":{"start":{"line":496,"column":12},"end":{"line":496,"column":60}},"204":{"start":{"line":498,"column":8},"end":{"line":500,"column":9}},"205":{"start":{"line":499,"column":12},"end":{"line":499,"column":52}},"206":{"start":{"line":501,"column":8},"end":{"line":503,"column":9}},"207":{"start":{"line":502,"column":12},"end":{"line":502,"column":50}},"208":{"start":{"line":504,"column":25},"end":{"line":504,"column":45}},"209":{"start":{"line":505,"column":24},"end":{"line":510,"column":9}},"210":{"start":{"line":511,"column":8},"end":{"line":511,"column":46}},"211":{"start":{"line":512,"column":8},"end":{"line":512,"column":41}},"212":{"start":{"line":513,"column":8},"end":{"line":513,"column":30}},"213":{"start":{"line":514,"column":30},"end":{"line":516,"column":49}},"214":{"start":{"line":517,"column":35},"end":{"line":517,"column":130}},"215":{"start":{"line":518,"column":44},"end":{"line":518,"column":140}},"216":{"start":{"line":519,"column":27},"end":{"line":519,"column":31}},"217":{"start":{"line":520,"column":35},"end":{"line":520,"column":117}},"218":{"start":{"line":522,"column":8},"end":{"line":592,"column":11}},"219":{"start":{"line":523,"column":12},"end":{"line":590,"column":13}},"220":{"start":{"line":524,"column":16},"end":{"line":524,"column":33}},"221":{"start":{"line":525,"column":16},"end":{"line":525,"column":33}},"222":{"start":{"line":526,"column":16},"end":{"line":529,"column":19}},"223":{"start":{"line":531,"column":16},"end":{"line":589,"column":17}},"224":{"start":{"line":532,"column":38},"end":{"line":532,"column":65}},"225":{"start":{"line":533,"column":35},"end":{"line":533,"column":59}},"226":{"start":{"line":534,"column":20},"end":{"line":557,"column":21}},"227":{"start":{"line":535,"column":60},"end":{"line":535,"column":107}},"228":{"start":{"line":536,"column":28},"end":{"line":551,"column":31}},"229":{"start":{"line":537,"column":32},"end":{"line":537,"column":49}},"230":{"start":{"line":538,"column":32},"end":{"line":550,"column":33}},"231":{"start":{"line":539,"column":36},"end":{"line":539,"column":62}},"232":{"start":{"line":540,"column":36},"end":{"line":543,"column":39}},"233":{"start":{"line":545,"column":36},"end":{"line":545,"column":122}},"234":{"start":{"line":546,"column":36},"end":{"line":549,"column":39}},"235":{"start":{"line":553,"column":24},"end":{"line":553,"column":41}},"236":{"start":{"line":554,"column":24},"end":{"line":556,"column":27}},"237":{"start":{"line":559,"column":20},"end":{"line":588,"column":23}},"238":{"start":{"line":560,"column":24},"end":{"line":587,"column":25}},"239":{"start":{"line":561,"column":28},"end":{"line":561,"column":45}},"240":{"start":{"line":562,"column":28},"end":{"line":562,"column":45}},"241":{"start":{"line":563,"column":28},"end":{"line":566,"column":30}},"242":{"start":{"line":568,"column":28},"end":{"line":568,"column":98}},"243":{"start":{"line":569,"column":46},"end":{"line":569,"column":74}},"244":{"start":{"line":570,"column":64},"end":{"line":570,"column":111}},"245":{"start":{"line":571,"column":28},"end":{"line":586,"column":31}},"246":{"start":{"line":572,"column":32},"end":{"line":572,"column":49}},"247":{"start":{"line":573,"column":32},"end":{"line":585,"column":33}},"248":{"start":{"line":574,"column":36},"end":{"line":574,"column":62}},"249":{"start":{"line":575,"column":36},"end":{"line":578,"column":39}},"250":{"start":{"line":580,"column":36},"end":{"line":580,"column":122}},"251":{"start":{"line":581,"column":36},"end":{"line":584,"column":39}},"252":{"start":{"line":595,"column":8},"end":{"line":595,"column":28}},"253":{"start":{"line":596,"column":8},"end":{"line":596,"column":24}},"254":{"start":{"line":597,"column":8},"end":{"line":600,"column":10}},"255":{"start":{"line":604,"column":0},"end":{"line":631,"column":1}},"256":{"start":{"line":605,"column":21},"end":{"line":605,"column":49}},"257":{"start":{"line":607,"column":4},"end":{"line":630,"column":5}},"258":{"start":{"line":608,"column":27},"end":{"line":608,"column":31}},"259":{"start":{"line":609,"column":8},"end":{"line":624,"column":11}},"260":{"start":{"line":610,"column":12},"end":{"line":610,"column":29}},"261":{"start":{"line":611,"column":12},"end":{"line":623,"column":13}},"262":{"start":{"line":612,"column":16},"end":{"line":612,"column":33}},"263":{"start":{"line":613,"column":16},"end":{"line":616,"column":18}},"264":{"start":{"line":618,"column":16},"end":{"line":618,"column":93}},"265":{"start":{"line":619,"column":16},"end":{"line":622,"column":19}},"266":{"start":{"line":626,"column":8},"end":{"line":629,"column":10}},"267":{"start":{"line":633,"column":0},"end":{"line":660,"column":1}},"268":{"start":{"line":634,"column":29},"end":{"line":634,"column":38}},"269":{"start":{"line":635,"column":21},"end":{"line":635,"column":69}},"270":{"start":{"line":636,"column":4},"end":{"line":659,"column":5}},"271":{"start":{"line":637,"column":27},"end":{"line":637,"column":31}},"272":{"start":{"line":638,"column":8},"end":{"line":653,"column":10}},"273":{"start":{"line":639,"column":12},"end":{"line":639,"column":29}},"274":{"start":{"line":640,"column":12},"end":{"line":652,"column":13}},"275":{"start":{"line":641,"column":16},"end":{"line":641,"column":33}},"276":{"start":{"line":642,"column":16},"end":{"line":645,"column":18}},"277":{"start":{"line":647,"column":16},"end":{"line":647,"column":90}},"278":{"start":{"line":648,"column":16},"end":{"line":651,"column":19}},"279":{"start":{"line":655,"column":8},"end":{"line":658,"column":10}},"280":{"start":{"line":663,"column":0},"end":{"line":696,"column":1}},"281":{"start":{"line":665,"column":49},"end":{"line":665,"column":57}},"282":{"start":{"line":666,"column":4},"end":{"line":695,"column":5}},"283":{"start":{"line":667,"column":27},"end":{"line":667,"column":31}},"284":{"start":{"line":668,"column":20},"end":{"line":674,"column":48}},"285":{"start":{"line":676,"column":8},"end":{"line":690,"column":10}},"286":{"start":{"line":677,"column":12},"end":{"line":677,"column":28}},"287":{"start":{"line":679,"column":12},"end":{"line":689,"column":13}},"288":{"start":{"line":680,"column":16},"end":{"line":680,"column":35}},"289":{"start":{"line":681,"column":16},"end":{"line":684,"column":18}},"290":{"start":{"line":686,"column":16},"end":{"line":688,"column":18}},"291":{"start":{"line":692,"column":8},"end":{"line":692,"column":46}},"292":{"start":{"line":693,"column":8},"end":{"line":693,"column":26}},"293":{"start":{"line":694,"column":8},"end":{"line":694,"column":88}},"294":{"start":{"line":699,"column":0},"end":{"line":723,"column":1}},"295":{"start":{"line":701,"column":4},"end":{"line":721,"column":5}},"296":{"start":{"line":702,"column":19},"end":{"line":702,"column":30}},"297":{"start":{"line":704,"column":22},"end":{"line":704,"column":115}},"298":{"start":{"line":705,"column":27},"end":{"line":705,"column":31}},"299":{"start":{"line":707,"column":8},"end":{"line":715,"column":10}},"300":{"start":{"line":708,"column":12},"end":{"line":708,"column":28}},"301":{"start":{"line":709,"column":12},"end":{"line":714,"column":13}},"302":{"start":{"line":710,"column":16},"end":{"line":710,"column":35}},"303":{"start":{"line":711,"column":16},"end":{"line":711,"column":96}},"304":{"start":{"line":713,"column":16},"end":{"line":713,"column":71}},"305":{"start":{"line":718,"column":8},"end":{"line":718,"column":46}},"306":{"start":{"line":719,"column":8},"end":{"line":719,"column":26}},"307":{"start":{"line":720,"column":8},"end":{"line":720,"column":81}},"308":{"start":{"line":727,"column":0},"end":{"line":727,"column":35}}},"fnMap":{"0":{"name":"encryptPassword","decl":{"start":{"line":8,"column":9},"end":{"line":8,"column":24}},"loc":{"start":{"line":8,"column":34},"end":{"line":12,"column":1}},"line":8},"1":{"name":"comparePasswords","decl":{"start":{"line":14,"column":9},"end":{"line":14,"column":25}},"loc":{"start":{"line":14,"column":54},"end":{"line":19,"column":1}},"line":14},"2":{"name":"compareCitys","decl":{"start":{"line":21,"column":9},"end":{"line":21,"column":21}},"loc":{"start":{"line":21,"column":40},"end":{"line":29,"column":1}},"line":21},"3":{"name":"(anonymous_3)","decl":{"start":{"line":32,"column":37},"end":{"line":32,"column":38}},"loc":{"start":{"line":32,"column":51},"end":{"line":127,"column":1}},"line":32},"4":{"name":"(anonymous_4)","decl":{"start":{"line":55,"column":46},"end":{"line":55,"column":47}},"loc":{"start":{"line":55,"column":63},"end":{"line":119,"column":9}},"line":55},"5":{"name":"(anonymous_5)","decl":{"start":{"line":65,"column":75},"end":{"line":65,"column":76}},"loc":{"start":{"line":65,"column":92},"end":{"line":117,"column":17}},"line":65},"6":{"name":"(anonymous_6)","decl":{"start":{"line":80,"column":75},"end":{"line":80,"column":76}},"loc":{"start":{"line":80,"column":92},"end":{"line":114,"column":29}},"line":80},"7":{"name":"(anonymous_7)","decl":{"start":{"line":89,"column":80},"end":{"line":89,"column":81}},"loc":{"start":{"line":89,"column":97},"end":{"line":112,"column":37}},"line":89},"8":{"name":"(anonymous_8)","decl":{"start":{"line":130,"column":37},"end":{"line":130,"column":38}},"loc":{"start":{"line":130,"column":51},"end":{"line":240,"column":1}},"line":130},"9":{"name":"(anonymous_9)","decl":{"start":{"line":148,"column":46},"end":{"line":148,"column":47}},"loc":{"start":{"line":148,"column":63},"end":{"line":230,"column":9}},"line":148},"10":{"name":"(anonymous_10)","decl":{"start":{"line":157,"column":72},"end":{"line":157,"column":73}},"loc":{"start":{"line":157,"column":89},"end":{"line":228,"column":17}},"line":157},"11":{"name":"(anonymous_11)","decl":{"start":{"line":171,"column":70},"end":{"line":171,"column":71}},"loc":{"start":{"line":171,"column":87},"end":{"line":191,"column":33}},"line":171},"12":{"name":"(anonymous_12)","decl":{"start":{"line":194,"column":76},"end":{"line":194,"column":77}},"loc":{"start":{"line":194,"column":93},"end":{"line":213,"column":33}},"line":194},"13":{"name":"(anonymous_13)","decl":{"start":{"line":242,"column":39},"end":{"line":242,"column":40}},"loc":{"start":{"line":242,"column":53},"end":{"line":328,"column":1}},"line":242},"14":{"name":"(anonymous_14)","decl":{"start":{"line":277,"column":46},"end":{"line":277,"column":47}},"loc":{"start":{"line":277,"column":72},"end":{"line":320,"column":9}},"line":277},"15":{"name":"(anonymous_15)","decl":{"start":{"line":286,"column":77},"end":{"line":286,"column":78}},"loc":{"start":{"line":286,"column":94},"end":{"line":318,"column":17}},"line":286},"16":{"name":"(anonymous_16)","decl":{"start":{"line":301,"column":86},"end":{"line":301,"column":87}},"loc":{"start":{"line":301,"column":103},"end":{"line":314,"column":29}},"line":301},"17":{"name":"(anonymous_17)","decl":{"start":{"line":330,"column":31},"end":{"line":330,"column":32}},"loc":{"start":{"line":330,"column":45},"end":{"line":345,"column":1}},"line":330},"18":{"name":"(anonymous_18)","decl":{"start":{"line":347,"column":31},"end":{"line":347,"column":32}},"loc":{"start":{"line":347,"column":45},"end":{"line":373,"column":1}},"line":347},"19":{"name":"(anonymous_19)","decl":{"start":{"line":352,"column":44},"end":{"line":352,"column":45}},"loc":{"start":{"line":352,"column":61},"end":{"line":366,"column":9}},"line":352},"20":{"name":"(anonymous_20)","decl":{"start":{"line":375,"column":33},"end":{"line":375,"column":34}},"loc":{"start":{"line":375,"column":47},"end":{"line":401,"column":1}},"line":375},"21":{"name":"(anonymous_21)","decl":{"start":{"line":381,"column":62},"end":{"line":381,"column":63}},"loc":{"start":{"line":381,"column":79},"end":{"line":395,"column":9}},"line":381},"22":{"name":"(anonymous_22)","decl":{"start":{"line":403,"column":34},"end":{"line":403,"column":35}},"loc":{"start":{"line":403,"column":48},"end":{"line":427,"column":1}},"line":403},"23":{"name":"(anonymous_23)","decl":{"start":{"line":407,"column":32},"end":{"line":407,"column":33}},"loc":{"start":{"line":407,"column":49},"end":{"line":421,"column":9}},"line":407},"24":{"name":"(anonymous_24)","decl":{"start":{"line":430,"column":33},"end":{"line":430,"column":34}},"loc":{"start":{"line":430,"column":47},"end":{"line":483,"column":1}},"line":430},"25":{"name":"(anonymous_25)","decl":{"start":{"line":435,"column":42},"end":{"line":435,"column":43}},"loc":{"start":{"line":435,"column":59},"end":{"line":475,"column":9}},"line":435},"26":{"name":"(anonymous_26)","decl":{"start":{"line":485,"column":37},"end":{"line":485,"column":38}},"loc":{"start":{"line":485,"column":51},"end":{"line":602,"column":1}},"line":485},"27":{"name":"(anonymous_27)","decl":{"start":{"line":522,"column":50},"end":{"line":522,"column":51}},"loc":{"start":{"line":522,"column":75},"end":{"line":592,"column":9}},"line":522},"28":{"name":"(anonymous_28)","decl":{"start":{"line":536,"column":103},"end":{"line":536,"column":104}},"loc":{"start":{"line":536,"column":151},"end":{"line":551,"column":29}},"line":536},"29":{"name":"(anonymous_29)","decl":{"start":{"line":559,"column":77},"end":{"line":559,"column":78}},"loc":{"start":{"line":559,"column":107},"end":{"line":588,"column":21}},"line":559},"30":{"name":"(anonymous_30)","decl":{"start":{"line":571,"column":103},"end":{"line":571,"column":104}},"loc":{"start":{"line":571,"column":151},"end":{"line":586,"column":29}},"line":571},"31":{"name":"(anonymous_31)","decl":{"start":{"line":604,"column":37},"end":{"line":604,"column":38}},"loc":{"start":{"line":604,"column":51},"end":{"line":631,"column":1}},"line":604},"32":{"name":"(anonymous_32)","decl":{"start":{"line":609,"column":35},"end":{"line":609,"column":36}},"loc":{"start":{"line":609,"column":52},"end":{"line":624,"column":9}},"line":609},"33":{"name":"(anonymous_33)","decl":{"start":{"line":633,"column":34},"end":{"line":633,"column":35}},"loc":{"start":{"line":633,"column":48},"end":{"line":660,"column":1}},"line":633},"34":{"name":"(anonymous_34)","decl":{"start":{"line":638,"column":50},"end":{"line":638,"column":51}},"loc":{"start":{"line":638,"column":67},"end":{"line":653,"column":9}},"line":638},"35":{"name":"(anonymous_35)","decl":{"start":{"line":663,"column":36},"end":{"line":663,"column":37}},"loc":{"start":{"line":663,"column":50},"end":{"line":696,"column":1}},"line":663},"36":{"name":"(anonymous_36)","decl":{"start":{"line":676,"column":32},"end":{"line":676,"column":33}},"loc":{"start":{"line":676,"column":51},"end":{"line":690,"column":9}},"line":676},"37":{"name":"(anonymous_37)","decl":{"start":{"line":699,"column":33},"end":{"line":699,"column":34}},"loc":{"start":{"line":699,"column":47},"end":{"line":723,"column":1}},"line":699},"38":{"name":"(anonymous_38)","decl":{"start":{"line":707,"column":32},"end":{"line":707,"column":33}},"loc":{"start":{"line":707,"column":51},"end":{"line":715,"column":9}},"line":707}},"branchMap":{"0":{"loc":{"start":{"line":15,"column":4},"end":{"line":17,"column":5}},"type":"if","locations":[{"start":{"line":15,"column":4},"end":{"line":17,"column":5}},{"start":{},"end":{}}],"line":15},"1":{"loc":{"start":{"line":23,"column":8},"end":{"line":25,"column":9}},"type":"if","locations":[{"start":{"line":23,"column":8},"end":{"line":25,"column":9}},{"start":{},"end":{}}],"line":23},"2":{"loc":{"start":{"line":56,"column":12},"end":{"line":118,"column":13}},"type":"if","locations":[{"start":{"line":56,"column":12},"end":{"line":118,"column":13}},{"start":{"line":63,"column":17},"end":{"line":118,"column":13}}],"line":56},"3":{"loc":{"start":{"line":66,"column":20},"end":{"line":116,"column":21}},"type":"if","locations":[{"start":{"line":66,"column":20},"end":{"line":116,"column":21}},{"start":{"line":74,"column":25},"end":{"line":116,"column":21}}],"line":66},"4":{"loc":{"start":{"line":81,"column":32},"end":{"line":113,"column":33}},"type":"if","locations":[{"start":{"line":81,"column":32},"end":{"line":113,"column":33}},{"start":{"line":87,"column":37},"end":{"line":113,"column":33}}],"line":81},"5":{"loc":{"start":{"line":90,"column":40},"end":{"line":111,"column":41}},"type":"if","locations":[{"start":{"line":90,"column":40},"end":{"line":111,"column":41}},{"start":{"line":96,"column":45},"end":{"line":111,"column":41}}],"line":90},"6":{"loc":{"start":{"line":104,"column":44},"end":{"line":110,"column":45}},"type":"if","locations":[{"start":{"line":104,"column":44},"end":{"line":110,"column":45}},{"start":{},"end":{}}],"line":104},"7":{"loc":{"start":{"line":149,"column":12},"end":{"line":229,"column":13}},"type":"if","locations":[{"start":{"line":149,"column":12},"end":{"line":229,"column":13}},{"start":{"line":155,"column":17},"end":{"line":229,"column":13}}],"line":149},"8":{"loc":{"start":{"line":158,"column":20},"end":{"line":227,"column":21}},"type":"if","locations":[{"start":{"line":158,"column":20},"end":{"line":227,"column":21}},{"start":{"line":164,"column":25},"end":{"line":227,"column":21}}],"line":158},"9":{"loc":{"start":{"line":165,"column":24},"end":{"line":226,"column":25}},"type":"if","locations":[{"start":{"line":165,"column":24},"end":{"line":226,"column":25}},{"start":{"line":215,"column":29},"end":{"line":226,"column":25}}],"line":165},"10":{"loc":{"start":{"line":169,"column":28},"end":{"line":214,"column":29}},"type":"if","locations":[{"start":{"line":169,"column":28},"end":{"line":214,"column":29}},{"start":{"line":192,"column":33},"end":{"line":214,"column":29}}],"line":169},"11":{"loc":{"start":{"line":169,"column":31},"end":{"line":169,"column":76}},"type":"binary-expr","locations":[{"start":{"line":169,"column":31},"end":{"line":169,"column":49}},{"start":{"line":169,"column":53},"end":{"line":169,"column":76}}],"line":169},"12":{"loc":{"start":{"line":173,"column":36},"end":{"line":190,"column":37}},"type":"if","locations":[{"start":{"line":173,"column":36},"end":{"line":190,"column":37}},{"start":{"line":178,"column":41},"end":{"line":190,"column":37}}],"line":173},"13":{"loc":{"start":{"line":196,"column":36},"end":{"line":212,"column":37}},"type":"if","locations":[{"start":{"line":196,"column":36},"end":{"line":212,"column":37}},{"start":{"line":201,"column":41},"end":{"line":212,"column":37}}],"line":196},"14":{"loc":{"start":{"line":278,"column":12},"end":{"line":319,"column":13}},"type":"if","locations":[{"start":{"line":278,"column":12},"end":{"line":319,"column":13}},{"start":{"line":284,"column":17},"end":{"line":319,"column":13}}],"line":278},"15":{"loc":{"start":{"line":287,"column":20},"end":{"line":316,"column":21}},"type":"if","locations":[{"start":{"line":287,"column":20},"end":{"line":316,"column":21}},{"start":{"line":293,"column":25},"end":{"line":316,"column":21}}],"line":287},"16":{"loc":{"start":{"line":294,"column":24},"end":{"line":315,"column":25}},"type":"if","locations":[{"start":{"line":294,"column":24},"end":{"line":315,"column":25}},{"start":{"line":300,"column":29},"end":{"line":315,"column":25}}],"line":294},"17":{"loc":{"start":{"line":303,"column":32},"end":{"line":313,"column":33}},"type":"if","locations":[{"start":{"line":303,"column":32},"end":{"line":313,"column":33}},{"start":{"line":308,"column":37},"end":{"line":313,"column":33}}],"line":303},"18":{"loc":{"start":{"line":354,"column":12},"end":{"line":365,"column":13}},"type":"if","locations":[{"start":{"line":354,"column":12},"end":{"line":365,"column":13}},{"start":{"line":360,"column":17},"end":{"line":365,"column":13}}],"line":354},"19":{"loc":{"start":{"line":354,"column":15},"end":{"line":354,"column":40}},"type":"binary-expr","locations":[{"start":{"line":354,"column":15},"end":{"line":354,"column":18}},{"start":{"line":354,"column":22},"end":{"line":354,"column":40}}],"line":354},"20":{"loc":{"start":{"line":383,"column":12},"end":{"line":394,"column":13}},"type":"if","locations":[{"start":{"line":383,"column":12},"end":{"line":394,"column":13}},{"start":{"line":389,"column":17},"end":{"line":394,"column":13}}],"line":383},"21":{"loc":{"start":{"line":409,"column":12},"end":{"line":420,"column":13}},"type":"if","locations":[{"start":{"line":409,"column":12},"end":{"line":420,"column":13}},{"start":{"line":415,"column":17},"end":{"line":420,"column":13}}],"line":409},"22":{"loc":{"start":{"line":437,"column":12},"end":{"line":474,"column":13}},"type":"if","locations":[{"start":{"line":437,"column":12},"end":{"line":474,"column":13}},{"start":{"line":443,"column":17},"end":{"line":474,"column":13}}],"line":437},"23":{"loc":{"start":{"line":444,"column":16},"end":{"line":473,"column":17}},"type":"if","locations":[{"start":{"line":444,"column":16},"end":{"line":473,"column":17}},{"start":{"line":448,"column":21},"end":{"line":473,"column":17}}],"line":444},"24":{"loc":{"start":{"line":451,"column":20},"end":{"line":472,"column":21}},"type":"if","locations":[{"start":{"line":451,"column":20},"end":{"line":472,"column":21}},{"start":{"line":467,"column":25},"end":{"line":472,"column":21}}],"line":451},"25":{"loc":{"start":{"line":452,"column":24},"end":{"line":466,"column":25}},"type":"if","locations":[{"start":{"line":452,"column":24},"end":{"line":466,"column":25}},{"start":{"line":457,"column":29},"end":{"line":466,"column":25}}],"line":452},"26":{"loc":{"start":{"line":495,"column":8},"end":{"line":497,"column":9}},"type":"if","locations":[{"start":{"line":495,"column":8},"end":{"line":497,"column":9}},{"start":{},"end":{}}],"line":495},"27":{"loc":{"start":{"line":498,"column":8},"end":{"line":500,"column":9}},"type":"if","locations":[{"start":{"line":498,"column":8},"end":{"line":500,"column":9}},{"start":{},"end":{}}],"line":498},"28":{"loc":{"start":{"line":501,"column":8},"end":{"line":503,"column":9}},"type":"if","locations":[{"start":{"line":501,"column":8},"end":{"line":503,"column":9}},{"start":{},"end":{}}],"line":501},"29":{"loc":{"start":{"line":523,"column":12},"end":{"line":590,"column":13}},"type":"if","locations":[{"start":{"line":523,"column":12},"end":{"line":590,"column":13}},{"start":{"line":530,"column":17},"end":{"line":590,"column":13}}],"line":523},"30":{"loc":{"start":{"line":531,"column":16},"end":{"line":589,"column":17}},"type":"if","locations":[{"start":{"line":531,"column":16},"end":{"line":589,"column":17}},{"start":{"line":558,"column":21},"end":{"line":589,"column":17}}],"line":531},"31":{"loc":{"start":{"line":534,"column":20},"end":{"line":557,"column":21}},"type":"if","locations":[{"start":{"line":534,"column":20},"end":{"line":557,"column":21}},{"start":{"line":552,"column":25},"end":{"line":557,"column":21}}],"line":534},"32":{"loc":{"start":{"line":534,"column":23},"end":{"line":534,"column":87}},"type":"binary-expr","locations":[{"start":{"line":534,"column":23},"end":{"line":534,"column":62}},{"start":{"line":534,"column":66},"end":{"line":534,"column":87}}],"line":534},"33":{"loc":{"start":{"line":538,"column":32},"end":{"line":550,"column":33}},"type":"if","locations":[{"start":{"line":538,"column":32},"end":{"line":550,"column":33}},{"start":{"line":544,"column":37},"end":{"line":550,"column":33}}],"line":538},"34":{"loc":{"start":{"line":560,"column":24},"end":{"line":587,"column":25}},"type":"if","locations":[{"start":{"line":560,"column":24},"end":{"line":587,"column":25}},{"start":{"line":567,"column":29},"end":{"line":587,"column":25}}],"line":560},"35":{"loc":{"start":{"line":573,"column":32},"end":{"line":585,"column":33}},"type":"if","locations":[{"start":{"line":573,"column":32},"end":{"line":585,"column":33}},{"start":{"line":579,"column":37},"end":{"line":585,"column":33}}],"line":573},"36":{"loc":{"start":{"line":611,"column":12},"end":{"line":623,"column":13}},"type":"if","locations":[{"start":{"line":611,"column":12},"end":{"line":623,"column":13}},{"start":{"line":617,"column":17},"end":{"line":623,"column":13}}],"line":611},"37":{"loc":{"start":{"line":640,"column":12},"end":{"line":652,"column":13}},"type":"if","locations":[{"start":{"line":640,"column":12},"end":{"line":652,"column":13}},{"start":{"line":646,"column":17},"end":{"line":652,"column":13}}],"line":640},"38":{"loc":{"start":{"line":679,"column":12},"end":{"line":689,"column":13}},"type":"if","locations":[{"start":{"line":679,"column":12},"end":{"line":689,"column":13}},{"start":{"line":685,"column":19},"end":{"line":689,"column":13}}],"line":679},"39":{"loc":{"start":{"line":709,"column":12},"end":{"line":714,"column":13}},"type":"if","locations":[{"start":{"line":709,"column":12},"end":{"line":714,"column":13}},{"start":{"line":712,"column":19},"end":{"line":714,"column":13}}],"line":709}},"s":{"0":2,"1":2,"2":2,"3":2,"4":2,"5":2,"6":5,"7":5,"8":5,"9":3,"10":2,"11":1,"12":1,"13":1,"14":1,"15":0,"16":1,"17":2,"18":2,"19":2,"20":2,"21":2,"22":2,"23":2,"24":2,"25":2,"26":2,"27":2,"28":2,"29":1,"30":1,"31":1,"32":1,"33":1,"34":0,"35":0,"36":0,"37":1,"38":1,"39":1,"40":1,"41":2,"42":2,"43":2,"44":2,"45":0,"46":0,"47":2,"48":2,"49":2,"50":0,"51":0,"52":2,"53":2,"54":2,"55":2,"56":1,"57":1,"58":0,"59":0,"60":2,"61":2,"62":2,"63":2,"64":2,"65":2,"66":2,"67":2,"68":2,"69":2,"70":2,"71":2,"72":0,"73":0,"74":2,"75":2,"76":2,"77":0,"78":0,"79":2,"80":2,"81":2,"82":2,"83":2,"84":1,"85":1,"86":1,"87":0,"88":1,"89":1,"90":1,"91":1,"92":0,"93":1,"94":0,"95":0,"96":0,"97":0,"98":2,"99":3,"100":3,"101":3,"102":3,"103":3,"104":3,"105":3,"106":3,"107":3,"108":0,"109":0,"110":3,"111":2,"112":2,"113":0,"114":0,"115":2,"116":1,"117":1,"118":0,"119":0,"120":0,"121":0,"122":0,"123":2,"124":2,"125":2,"126":0,"127":0,"128":0,"129":0,"130":0,"131":0,"132":2,"133":1,"134":1,"135":1,"136":1,"137":1,"138":1,"139":1,"140":0,"141":0,"142":1,"143":0,"144":2,"145":0,"146":0,"147":0,"148":0,"149":0,"150":0,"151":0,"152":0,"153":0,"154":0,"155":0,"156":0,"157":0,"158":0,"159":2,"160":1,"161":1,"162":1,"163":1,"164":1,"165":1,"166":0,"167":0,"168":1,"169":0,"170":0,"171":0,"172":2,"173":3,"174":3,"175":3,"176":3,"177":3,"178":3,"179":3,"180":0,"181":0,"182":3,"183":0,"184":3,"185":3,"186":3,"187":2,"188":1,"189":1,"190":1,"191":1,"192":0,"193":0,"194":2,"195":2,"196":2,"197":2,"198":2,"199":2,"200":2,"201":2,"202":2,"203":2,"204":2,"205":2,"206":2,"207":2,"208":2,"209":2,"210":2,"211":2,"212":2,"213":2,"214":2,"215":2,"216":2,"217":2,"218":2,"219":2,"220":0,"221":0,"222":0,"223":2,"224":1,"225":1,"226":1,"227":1,"228":1,"229":1,"230":1,"231":0,"232":0,"233":1,"234":1,"235":0,"236":0,"237":1,"238":1,"239":0,"240":0,"241":0,"242":1,"243":1,"244":1,"245":1,"246":1,"247":1,"248":0,"249":0,"250":1,"251":1,"252":0,"253":0,"254":0,"255":2,"256":2,"257":2,"258":2,"259":2,"260":2,"261":2,"262":1,"263":1,"264":1,"265":1,"266":0,"267":2,"268":2,"269":2,"270":2,"271":2,"272":2,"273":2,"274":2,"275":1,"276":1,"277":1,"278":1,"279":0,"280":2,"281":2,"282":2,"283":2,"284":2,"285":2,"286":2,"287":2,"288":1,"289":1,"290":1,"291":0,"292":0,"293":0,"294":2,"295":2,"296":2,"297":2,"298":2,"299":2,"300":2,"301":2,"302":1,"303":1,"304":1,"305":0,"306":0,"307":0,"308":2},"f":{"0":5,"1":3,"2":1,"3":2,"4":2,"5":1,"6":2,"7":2,"8":2,"9":2,"10":2,"11":1,"12":1,"13":3,"14":3,"15":2,"16":0,"17":0,"18":1,"19":1,"20":0,"21":0,"22":1,"23":1,"24":3,"25":3,"26":2,"27":2,"28":1,"29":1,"30":1,"31":2,"32":2,"33":2,"34":2,"35":2,"36":2,"37":2,"38":2},"b":{"0":[2,1],"1":[0,1],"2":[1,1],"3":[0,1],"4":[0,2],"5":[0,2],"6":[1,1],"7":[0,2],"8":[0,2],"9":[2,0],"10":[1,1],"11":[2,1],"12":[0,1],"13":[0,1],"14":[0,3],"15":[0,2],"16":[1,0],"17":[0,0],"18":[0,1],"19":[1,1],"20":[0,0],"21":[0,1],"22":[0,3],"23":[0,3],"24":[2,1],"25":[1,1],"26":[2,0],"27":[2,0],"28":[2,0],"29":[0,2],"30":[1,1],"31":[1,0],"32":[1,1],"33":[0,1],"34":[0,1],"35":[0,1],"36":[1,1],"37":[1,1],"38":[1,1],"39":[1,1]},"_coverageSchema":"1a1c01bbd47fc00a2c39e90264f33305004495a9","hash":"f5ff9c83e6554fba4d303d686e43e1075586ebdf"}
,"/home/camran/Documents/Projects/alchilazo/Backend/src/controllers/menuController.js": {"path":"/home/camran/Documents/Projects/alchilazo/Backend/src/controllers/menuController.js","statementMap":{"0":{"start":{"line":2,"column":15},"end":{"line":2,"column":42}},"1":{"start":{"line":4,"column":21},"end":{"line":36,"column":1}},"2":{"start":{"line":5,"column":4},"end":{"line":35,"column":5}},"3":{"start":{"line":6,"column":27},"end":{"line":6,"column":31}},"4":{"start":{"line":7,"column":20},"end":{"line":7,"column":44}},"5":{"start":{"line":8,"column":8},"end":{"line":15,"column":25}},"6":{"start":{"line":17,"column":8},"end":{"line":29,"column":10}},"7":{"start":{"line":18,"column":12},"end":{"line":18,"column":28}},"8":{"start":{"line":20,"column":12},"end":{"line":28,"column":13}},"9":{"start":{"line":21,"column":16},"end":{"line":21,"column":35}},"10":{"start":{"line":22,"column":16},"end":{"line":22,"column":97}},"11":{"start":{"line":24,"column":16},"end":{"line":27,"column":18}},"12":{"start":{"line":32,"column":8},"end":{"line":32,"column":44}},"13":{"start":{"line":33,"column":8},"end":{"line":33,"column":26}},"14":{"start":{"line":34,"column":8},"end":{"line":34,"column":81}},"15":{"start":{"line":38,"column":0},"end":{"line":40,"column":1}}},"fnMap":{"0":{"name":"(anonymous_0)","decl":{"start":{"line":4,"column":21},"end":{"line":4,"column":22}},"loc":{"start":{"line":4,"column":35},"end":{"line":36,"column":1}},"line":4},"1":{"name":"(anonymous_1)","decl":{"start":{"line":17,"column":32},"end":{"line":17,"column":33}},"loc":{"start":{"line":17,"column":51},"end":{"line":29,"column":9}},"line":17}},"branchMap":{"0":{"loc":{"start":{"line":20,"column":12},"end":{"line":28,"column":13}},"type":"if","locations":[{"start":{"line":20,"column":12},"end":{"line":28,"column":13}},{"start":{"line":23,"column":19},"end":{"line":28,"column":13}}],"line":20}},"s":{"0":2,"1":2,"2":0,"3":0,"4":0,"5":0,"6":0,"7":0,"8":0,"9":0,"10":0,"11":0,"12":0,"13":0,"14":0,"15":2},"f":{"0":0,"1":0},"b":{"0":[0,0]},"_coverageSchema":"1a1c01bbd47fc00a2c39e90264f33305004495a9","hash":"e202ffb68d238c05bf7cee7a5d271b3c04d6adb3"}
,"/home/camran/Documents/Projects/alchilazo/Backend/src/controllers/productoController.js": {"path":"/home/camran/Documents/Projects/alchilazo/Backend/src/controllers/productoController.js","statementMap":{"0":{"start":{"line":1,"column":13},"end":{"line":1,"column":40}},"1":{"start":{"line":2,"column":25},"end":{"line":2,"column":54}},"2":{"start":{"line":3,"column":15},"end":{"line":3,"column":32}},"3":{"start":{"line":4,"column":27},"end":{"line":4,"column":29}},"4":{"start":{"line":7,"column":27},"end":{"line":7,"column":46}},"5":{"start":{"line":8,"column":15},"end":{"line":8,"column":76}},"6":{"start":{"line":9,"column":4},"end":{"line":9,"column":16}},"7":{"start":{"line":13,"column":4},"end":{"line":15,"column":5}},"8":{"start":{"line":14,"column":8},"end":{"line":14,"column":20}},"9":{"start":{"line":16,"column":4},"end":{"line":16,"column":17}},"10":{"start":{"line":20,"column":4},"end":{"line":24,"column":5}},"11":{"start":{"line":20,"column":16},"end":{"line":20,"column":17}},"12":{"start":{"line":21,"column":8},"end":{"line":23,"column":9}},"13":{"start":{"line":22,"column":12},"end":{"line":22,"column":25}},"14":{"start":{"line":25,"column":4},"end":{"line":25,"column":16}},"15":{"start":{"line":29,"column":0},"end":{"line":106,"column":1}},"16":{"start":{"line":30,"column":105},"end":{"line":30,"column":113}},"17":{"start":{"line":31,"column":4},"end":{"line":105,"column":5}},"18":{"start":{"line":32,"column":27},"end":{"line":32,"column":31}},"19":{"start":{"line":33,"column":25},"end":{"line":48,"column":67}},"20":{"start":{"line":49,"column":8},"end":{"line":96,"column":11}},"21":{"start":{"line":50,"column":12},"end":{"line":95,"column":13}},"22":{"start":{"line":51,"column":16},"end":{"line":51,"column":33}},"23":{"start":{"line":52,"column":16},"end":{"line":52,"column":53}},"24":{"start":{"line":53,"column":16},"end":{"line":53,"column":35}},"25":{"start":{"line":54,"column":16},"end":{"line":58,"column":18}},"26":{"start":{"line":60,"column":16},"end":{"line":94,"column":17}},"27":{"start":{"line":61,"column":44},"end":{"line":61,"column":95}},"28":{"start":{"line":62,"column":20},"end":{"line":88,"column":23}},"29":{"start":{"line":63,"column":24},"end":{"line":87,"column":25}},"30":{"start":{"line":64,"column":28},"end":{"line":64,"column":45}},"31":{"start":{"line":65,"column":28},"end":{"line":65,"column":65}},"32":{"start":{"line":66,"column":28},"end":{"line":66,"column":47}},"33":{"start":{"line":67,"column":28},"end":{"line":71,"column":30}},"34":{"start":{"line":73,"column":49},"end":{"line":73,"column":120}},"35":{"start":{"line":75,"column":28},"end":{"line":86,"column":29}},"36":{"start":{"line":75,"column":42},"end":{"line":75,"column":43}},"37":{"start":{"line":76,"column":32},"end":{"line":85,"column":35}},"38":{"start":{"line":77,"column":36},"end":{"line":84,"column":37}},"39":{"start":{"line":78,"column":40},"end":{"line":78,"column":57}},"40":{"start":{"line":79,"column":40},"end":{"line":79,"column":68}},"41":{"start":{"line":80,"column":40},"end":{"line":83,"column":43}},"42":{"start":{"line":90,"column":20},"end":{"line":93,"column":23}},"43":{"start":{"line":98,"column":8},"end":{"line":98,"column":45}},"44":{"start":{"line":99,"column":8},"end":{"line":99,"column":27}},"45":{"start":{"line":100,"column":8},"end":{"line":104,"column":10}},"46":{"start":{"line":108,"column":0},"end":{"line":150,"column":1}},"47":{"start":{"line":109,"column":24},"end":{"line":109,"column":32}},"48":{"start":{"line":110,"column":4},"end":{"line":149,"column":5}},"49":{"start":{"line":111,"column":27},"end":{"line":111,"column":31}},"50":{"start":{"line":112,"column":24},"end":{"line":112,"column":26}},"51":{"start":{"line":113,"column":25},"end":{"line":127,"column":54}},"52":{"start":{"line":128,"column":8},"end":{"line":142,"column":11}},"53":{"start":{"line":129,"column":12},"end":{"line":129,"column":29}},"54":{"start":{"line":130,"column":12},"end":{"line":140,"column":13}},"55":{"start":{"line":131,"column":16},"end":{"line":131,"column":33}},"56":{"start":{"line":132,"column":16},"end":{"line":135,"column":18}},"57":{"start":{"line":137,"column":16},"end":{"line":139,"column":18}},"58":{"start":{"line":144,"column":8},"end":{"line":144,"column":27}},"59":{"start":{"line":145,"column":8},"end":{"line":148,"column":11}},"60":{"start":{"line":152,"column":0},"end":{"line":180,"column":1}},"61":{"start":{"line":153,"column":69},"end":{"line":153,"column":77}},"62":{"start":{"line":154,"column":4},"end":{"line":179,"column":5}},"63":{"start":{"line":155,"column":25},"end":{"line":158,"column":99}},"64":{"start":{"line":159,"column":27},"end":{"line":159,"column":31}},"65":{"start":{"line":160,"column":8},"end":{"line":173,"column":10}},"66":{"start":{"line":161,"column":12},"end":{"line":161,"column":29}},"67":{"start":{"line":162,"column":12},"end":{"line":172,"column":13}},"68":{"start":{"line":163,"column":16},"end":{"line":163,"column":33}},"69":{"start":{"line":164,"column":16},"end":{"line":167,"column":18}},"70":{"start":{"line":169,"column":16},"end":{"line":171,"column":18}},"71":{"start":{"line":175,"column":8},"end":{"line":178,"column":10}},"72":{"start":{"line":182,"column":0},"end":{"line":218,"column":1}},"73":{"start":{"line":183,"column":19},"end":{"line":183,"column":27}},"74":{"start":{"line":184,"column":4},"end":{"line":216,"column":5}},"75":{"start":{"line":185,"column":25},"end":{"line":194,"column":58}},"76":{"start":{"line":195,"column":27},"end":{"line":195,"column":31}},"77":{"start":{"line":196,"column":8},"end":{"line":209,"column":11}},"78":{"start":{"line":197,"column":12},"end":{"line":197,"column":29}},"79":{"start":{"line":198,"column":12},"end":{"line":208,"column":13}},"80":{"start":{"line":199,"column":16},"end":{"line":199,"column":33}},"81":{"start":{"line":200,"column":16},"end":{"line":203,"column":18}},"82":{"start":{"line":205,"column":16},"end":{"line":207,"column":18}},"83":{"start":{"line":211,"column":8},"end":{"line":211,"column":27}},"84":{"start":{"line":212,"column":8},"end":{"line":215,"column":10}},"85":{"start":{"line":220,"column":0},"end":{"line":249,"column":1}},"86":{"start":{"line":221,"column":36},"end":{"line":221,"column":44}},"87":{"start":{"line":222,"column":4},"end":{"line":247,"column":5}},"88":{"start":{"line":223,"column":25},"end":{"line":223,"column":114}},"89":{"start":{"line":224,"column":27},"end":{"line":224,"column":31}},"90":{"start":{"line":226,"column":8},"end":{"line":240,"column":11}},"91":{"start":{"line":227,"column":12},"end":{"line":227,"column":29}},"92":{"start":{"line":228,"column":12},"end":{"line":239,"column":13}},"93":{"start":{"line":229,"column":16},"end":{"line":229,"column":33}},"94":{"start":{"line":230,"column":16},"end":{"line":233,"column":18}},"95":{"start":{"line":235,"column":16},"end":{"line":235,"column":65}},"96":{"start":{"line":236,"column":16},"end":{"line":238,"column":18}},"97":{"start":{"line":242,"column":8},"end":{"line":242,"column":27}},"98":{"start":{"line":243,"column":8},"end":{"line":246,"column":10}},"99":{"start":{"line":251,"column":0},"end":{"line":314,"column":1}},"100":{"start":{"line":252,"column":24},"end":{"line":252,"column":32}},"101":{"start":{"line":253,"column":4},"end":{"line":312,"column":5}},"102":{"start":{"line":254,"column":22},"end":{"line":254,"column":70}},"103":{"start":{"line":255,"column":25},"end":{"line":256,"column":79}},"104":{"start":{"line":257,"column":27},"end":{"line":257,"column":31}},"105":{"start":{"line":258,"column":8},"end":{"line":303,"column":9}},"106":{"start":{"line":259,"column":12},"end":{"line":274,"column":15}},"107":{"start":{"line":260,"column":16},"end":{"line":260,"column":33}},"108":{"start":{"line":261,"column":16},"end":{"line":273,"column":17}},"109":{"start":{"line":262,"column":20},"end":{"line":262,"column":37}},"110":{"start":{"line":263,"column":20},"end":{"line":267,"column":22}},"111":{"start":{"line":269,"column":20},"end":{"line":272,"column":22}},"112":{"start":{"line":276,"column":12},"end":{"line":302,"column":14}},"113":{"start":{"line":277,"column":16},"end":{"line":301,"column":17}},"114":{"start":{"line":278,"column":20},"end":{"line":278,"column":37}},"115":{"start":{"line":279,"column":20},"end":{"line":283,"column":22}},"116":{"start":{"line":285,"column":20},"end":{"line":300,"column":23}},"117":{"start":{"line":286,"column":24},"end":{"line":286,"column":41}},"118":{"start":{"line":287,"column":24},"end":{"line":299,"column":25}},"119":{"start":{"line":288,"column":28},"end":{"line":288,"column":45}},"120":{"start":{"line":289,"column":28},"end":{"line":293,"column":30}},"121":{"start":{"line":295,"column":28},"end":{"line":298,"column":30}},"122":{"start":{"line":306,"column":8},"end":{"line":306,"column":27}},"123":{"start":{"line":307,"column":8},"end":{"line":311,"column":10}},"124":{"start":{"line":316,"column":0},"end":{"line":351,"column":1}},"125":{"start":{"line":317,"column":22},"end":{"line":317,"column":30}},"126":{"start":{"line":318,"column":4},"end":{"line":350,"column":5}},"127":{"start":{"line":319,"column":27},"end":{"line":319,"column":31}},"128":{"start":{"line":320,"column":25},"end":{"line":327,"column":55}},"129":{"start":{"line":328,"column":8},"end":{"line":342,"column":10}},"130":{"start":{"line":329,"column":12},"end":{"line":329,"column":29}},"131":{"start":{"line":330,"column":12},"end":{"line":341,"column":13}},"132":{"start":{"line":331,"column":16},"end":{"line":331,"column":33}},"133":{"start":{"line":332,"column":16},"end":{"line":336,"column":18}},"134":{"start":{"line":338,"column":16},"end":{"line":340,"column":18}},"135":{"start":{"line":344,"column":8},"end":{"line":344,"column":27}},"136":{"start":{"line":345,"column":8},"end":{"line":349,"column":10}},"137":{"start":{"line":353,"column":0},"end":{"line":390,"column":1}},"138":{"start":{"line":354,"column":22},"end":{"line":354,"column":30}},"139":{"start":{"line":355,"column":4},"end":{"line":389,"column":5}},"140":{"start":{"line":356,"column":27},"end":{"line":356,"column":31}},"141":{"start":{"line":357,"column":25},"end":{"line":368,"column":9}},"142":{"start":{"line":369,"column":8},"end":{"line":382,"column":10}},"143":{"start":{"line":370,"column":12},"end":{"line":370,"column":29}},"144":{"start":{"line":371,"column":12},"end":{"line":381,"column":13}},"145":{"start":{"line":372,"column":16},"end":{"line":372,"column":33}},"146":{"start":{"line":373,"column":16},"end":{"line":376,"column":18}},"147":{"start":{"line":378,"column":16},"end":{"line":380,"column":18}},"148":{"start":{"line":384,"column":8},"end":{"line":384,"column":27}},"149":{"start":{"line":385,"column":8},"end":{"line":388,"column":10}},"150":{"start":{"line":392,"column":0},"end":{"line":425,"column":1}},"151":{"start":{"line":393,"column":22},"end":{"line":393,"column":30}},"152":{"start":{"line":394,"column":4},"end":{"line":424,"column":5}},"153":{"start":{"line":395,"column":27},"end":{"line":395,"column":31}},"154":{"start":{"line":396,"column":25},"end":{"line":403,"column":9}},"155":{"start":{"line":404,"column":8},"end":{"line":417,"column":10}},"156":{"start":{"line":405,"column":12},"end":{"line":405,"column":29}},"157":{"start":{"line":406,"column":12},"end":{"line":416,"column":13}},"158":{"start":{"line":407,"column":16},"end":{"line":407,"column":33}},"159":{"start":{"line":408,"column":16},"end":{"line":411,"column":18}},"160":{"start":{"line":413,"column":16},"end":{"line":415,"column":18}},"161":{"start":{"line":419,"column":8},"end":{"line":419,"column":27}},"162":{"start":{"line":420,"column":8},"end":{"line":423,"column":10}},"163":{"start":{"line":427,"column":0},"end":{"line":477,"column":1}},"164":{"start":{"line":428,"column":72},"end":{"line":428,"column":80}},"165":{"start":{"line":429,"column":4},"end":{"line":476,"column":5}},"166":{"start":{"line":430,"column":21},"end":{"line":430,"column":38}},"167":{"start":{"line":431,"column":27},"end":{"line":431,"column":31}},"168":{"start":{"line":432,"column":21},"end":{"line":432,"column":39}},"169":{"start":{"line":433,"column":30},"end":{"line":433,"column":47}},"170":{"start":{"line":434,"column":25},"end":{"line":435,"column":120}},"171":{"start":{"line":436,"column":8},"end":{"line":471,"column":11}},"172":{"start":{"line":437,"column":12},"end":{"line":470,"column":13}},"173":{"start":{"line":438,"column":16},"end":{"line":438,"column":32}},"174":{"start":{"line":439,"column":16},"end":{"line":442,"column":18}},"175":{"start":{"line":444,"column":32},"end":{"line":444,"column":47}},"176":{"start":{"line":445,"column":16},"end":{"line":445,"column":69}},"177":{"start":{"line":446,"column":16},"end":{"line":469,"column":17}},"178":{"start":{"line":446,"column":30},"end":{"line":446,"column":31}},"179":{"start":{"line":447,"column":39},"end":{"line":447,"column":55}},"180":{"start":{"line":448,"column":20},"end":{"line":450,"column":21}},"181":{"start":{"line":449,"column":24},"end":{"line":449,"column":33}},"182":{"start":{"line":451,"column":38},"end":{"line":451,"column":130}},"183":{"start":{"line":452,"column":20},"end":{"line":468,"column":23}},"184":{"start":{"line":453,"column":24},"end":{"line":459,"column":25}},"185":{"start":{"line":454,"column":28},"end":{"line":454,"column":44}},"186":{"start":{"line":455,"column":28},"end":{"line":458,"column":30}},"187":{"start":{"line":460,"column":24},"end":{"line":467,"column":25}},"188":{"start":{"line":461,"column":28},"end":{"line":461,"column":45}},"189":{"start":{"line":462,"column":28},"end":{"line":466,"column":30}},"190":{"start":{"line":473,"column":8},"end":{"line":473,"column":43}},"191":{"start":{"line":474,"column":8},"end":{"line":474,"column":26}},"192":{"start":{"line":475,"column":8},"end":{"line":475,"column":95}},"193":{"start":{"line":479,"column":0},"end":{"line":509,"column":1}},"194":{"start":{"line":480,"column":70},"end":{"line":480,"column":78}},"195":{"start":{"line":481,"column":4},"end":{"line":508,"column":5}},"196":{"start":{"line":482,"column":21},"end":{"line":482,"column":38}},"197":{"start":{"line":483,"column":27},"end":{"line":483,"column":31}},"198":{"start":{"line":484,"column":21},"end":{"line":484,"column":39}},"199":{"start":{"line":485,"column":30},"end":{"line":485,"column":47}},"200":{"start":{"line":486,"column":25},"end":{"line":487,"column":132}},"201":{"start":{"line":488,"column":8},"end":{"line":503,"column":11}},"202":{"start":{"line":489,"column":12},"end":{"line":489,"column":29}},"203":{"start":{"line":490,"column":12},"end":{"line":502,"column":13}},"204":{"start":{"line":491,"column":16},"end":{"line":491,"column":32}},"205":{"start":{"line":492,"column":16},"end":{"line":495,"column":18}},"206":{"start":{"line":497,"column":16},"end":{"line":501,"column":18}},"207":{"start":{"line":505,"column":8},"end":{"line":505,"column":63}},"208":{"start":{"line":506,"column":8},"end":{"line":506,"column":26}},"209":{"start":{"line":507,"column":8},"end":{"line":507,"column":95}
[...]
s_5)","decl":{"start":{"line":163,"column":31},"end":{"line":163,"column":32}},"loc":{"start":{"line":163,"column":49},"end":{"line":180,"column":1}},"line":163},"6":{"name":"(anonymous_6)","decl":{"start":{"line":188,"column":35},"end":{"line":188,"column":36}},"loc":{"start":{"line":188,"column":52},"end":{"line":209,"column":1}},"line":188},"7":{"name":"(anonymous_7)","decl":{"start":{"line":211,"column":21},"end":{"line":211,"column":22}},"loc":{"start":{"line":211,"column":41},"end":{"line":219,"column":1}},"line":211},"8":{"name":"(anonymous_8)","decl":{"start":{"line":226,"column":31},"end":{"line":226,"column":32}},"loc":{"start":{"line":226,"column":49},"end":{"line":248,"column":1}},"line":226},"9":{"name":"(anonymous_9)","decl":{"start":{"line":255,"column":28},"end":{"line":255,"column":29}},"loc":{"start":{"line":255,"column":46},"end":{"line":285,"column":1}},"line":255},"10":{"name":"(anonymous_10)","decl":{"start":{"line":294,"column":26},"end":{"line":294,"column":27}},"loc":{"start":{"line":294,"column":56},"end":{"line":305,"column":1}},"line":294},"11":{"name":"(anonymous_11)","decl":{"start":{"line":313,"column":31},"end":{"line":313,"column":32}},"loc":{"start":{"line":313,"column":61},"end":{"line":331,"column":1}},"line":313},"12":{"name":"(anonymous_12)","decl":{"start":{"line":338,"column":38},"end":{"line":338,"column":39}},"loc":{"start":{"line":338,"column":59},"end":{"line":363,"column":1}},"line":338},"13":{"name":"(anonymous_13)","decl":{"start":{"line":373,"column":29},"end":{"line":373,"column":30}},"loc":{"start":{"line":373,"column":59},"end":{"line":404,"column":1}},"line":373},"14":{"name":"(anonymous_14)","decl":{"start":{"line":420,"column":23},"end":{"line":420,"column":24}},"loc":{"start":{"line":420,"column":105},"end":{"line":453,"column":1}},"line":420},"15":{"name":"(anonymous_15)","decl":{"start":{"line":466,"column":23},"end":{"line":466,"column":24}},"loc":{"start":{"line":466,"column":43},"end":{"line":491,"column":1}},"line":466},"16":{"name":"(anonymous_16)","decl":{"start":{"line":500,"column":23},"end":{"line":500,"column":24}},"loc":{"start":{"line":500,"column":43},"end":{"line":531,"column":1}},"line":500},"17":{"name":"(anonymous_17)","decl":{"start":{"line":539,"column":32},"end":{"line":539,"column":33}},"loc":{"start":{"line":539,"column":50},"end":{"line":564,"column":1}},"line":539},"18":{"name":"(anonymous_18)","decl":{"start":{"line":575,"column":34},"end":{"line":575,"column":35}},"loc":{"start":{"line":575,"column":54},"end":{"line":595,"column":1}},"line":575},"19":{"name":"(anonymous_19)","decl":{"start":{"line":597,"column":30},"end":{"line":597,"column":31}},"loc":{"start":{"line":597,"column":50},"end":{"line":615,"column":1}},"line":597},"20":{"name":"(anonymous_20)","decl":{"start":{"line":622,"column":40},"end":{"line":622,"column":41}},"loc":{"start":{"line":622,"column":58},"end":{"line":637,"column":1}},"line":622},"21":{"name":"(anonymous_21)","decl":{"start":{"line":645,"column":28},"end":{"line":645,"column":29}},"loc":{"start":{"line":645,"column":46},"end":{"line":667,"column":1}},"line":645},"22":{"name":"(anonymous_22)","decl":{"start":{"line":674,"column":30},"end":{"line":674,"column":31}},"loc":{"start":{"line":674,"column":84},"end":{"line":698,"column":1}},"line":674},"23":{"name":"(anonymous_23)","decl":{"start":{"line":700,"column":27},"end":{"line":700,"column":28}},"loc":{"start":{"line":700,"column":47},"end":{"line":733,"column":1}},"line":700}},"branchMap":{"0":{"loc":{"start":{"line":28,"column":2},"end":{"line":30,"column":3}},"type":"if","locations":[{"start":{"line":28,"column":2},"end":{"line":30,"column":3}},{"start":{},"end":{}}],"line":28},"1":{"loc":{"start":{"line":63,"column":2},"end":{"line":65,"column":3}},"type":"if","locations":[{"start":{"line":63,"column":2},"end":{"line":65,"column":3}},{"start":{},"end":{}}],"line":63},"2":{"loc":{"start":{"line":126,"column":2},"end":{"line":128,"column":3}},"type":"if","locations":[{"start":{"line":126,"column":2},"end":{"line":128,"column":3}},{"start":{},"end":{}}],"line":126},"3":{"loc":{"start":{"line":151,"column":2},"end":{"line":154,"column":3}},"type":"if","locations":[{"start":{"line":151,"column":2},"end":{"line":154,"column":3}},{"start":{},"end":{}}],"line":151},"4":{"loc":{"start":{"line":176,"column":2},"end":{"line":178,"column":3}},"type":"if","locations":[{"start":{"line":176,"column":2},"end":{"line":178,"column":3}},{"start":{},"end":{}}],"line":176},"5":{"loc":{"start":{"line":194,"column":2},"end":{"line":198,"column":3}},"type":"if","locations":[{"start":{"line":194,"column":2},"end":{"line":198,"column":3}},{"start":{},"end":{}}],"line":194},"6":{"loc":{"start":{"line":201,"column":2},"end":{"line":203,"column":3}},"type":"if","locations":[{"start":{"line":201,"column":2},"end":{"line":203,"column":3}},{"start":{},"end":{}}],"line":201},"7":{"loc":{"start":{"line":239,"column":2},"end":{"line":241,"column":3}},"type":"if","locations":[{"start":{"line":239,"column":2},"end":{"line":241,"column":3}},{"start":{},"end":{}}],"line":239},"8":{"loc":{"start":{"line":276,"column":2},"end":{"line":278,"column":3}},"type":"if","locations":[{"start":{"line":276,"column":2},"end":{"line":278,"column":3}},{"start":{},"end":{}}],"line":276},"9":{"loc":{"start":{"line":297,"column":2},"end":{"line":304,"column":3}},"type":"if","locations":[{"start":{"line":297,"column":2},"end":{"line":304,"column":3}},{"start":{"line":300,"column":9},"end":{"line":304,"column":3}}],"line":297},"10":{"loc":{"start":{"line":325,"column":2},"end":{"line":330,"column":3}},"type":"if","locations":[{"start":{"line":325,"column":2},"end":{"line":330,"column":3}},{"start":{"line":328,"column":9},"end":{"line":330,"column":3}}],"line":325},"11":{"loc":{"start":{"line":396,"column":2},"end":{"line":403,"column":3}},"type":"if","locations":[{"start":{"line":396,"column":2},"end":{"line":403,"column":3}},{"start":{"line":400,"column":9},"end":{"line":403,"column":3}}],"line":396},"12":{"loc":{"start":{"line":424,"column":24},"end":{"line":424,"column":67}},"type":"cond-expr","locations":[{"start":{"line":424,"column":44},"end":{"line":424,"column":53}},{"start":{"line":424,"column":55},"end":{"line":424,"column":67}}],"line":424},"13":{"loc":{"start":{"line":438,"column":23},"end":{"line":438,"column":63}},"type":"cond-expr","locations":[{"start":{"line":438,"column":43},"end":{"line":438,"column":50}},{"start":{"line":438,"column":53},"end":{"line":438,"column":63}}],"line":438},"14":{"loc":{"start":{"line":443,"column":4},"end":{"line":446,"column":5}},"type":"if","locations":[{"start":{"line":443,"column":4},"end":{"line":446,"column":5}},{"start":{},"end":{}}],"line":443},"15":{"loc":{"start":{"line":476,"column":21},"end":{"line":476,"column":119}},"type":"cond-expr","locations":[{"start":{"line":476,"column":42},"end":{"line":476,"column":76}},{"start":{"line":476,"column":79},"end":{"line":476,"column":119}}],"line":476},"16":{"loc":{"start":{"line":517,"column":4},"end":{"line":520,"column":5}},"type":"if","locations":[{"start":{"line":517,"column":4},"end":{"line":520,"column":5}},{"start":{},"end":{}}],"line":517},"17":{"loc":{"start":{"line":711,"column":2},"end":{"line":714,"column":3}},"type":"if","locations":[{"start":{"line":711,"column":2},"end":{"line":714,"column":3}},{"start":{},"end":{}}],"line":711},"18":{"loc":{"start":{"line":720,"column":2},"end":{"line":731,"column":3}},"type":"if","locations":[{"start":{"line":720,"column":2},"end":{"line":731,"column":3}},{"start":{"line":726,"column":7},"end":{"line":731,"column":3}}],"line":720},"19":{"loc":{"start":{"line":720,"column":5},"end":{"line":720,"column":177}},"type":"binary-expr","locations":[{"start":{"line":720,"column":5},"end":{"line":720,"column":38}},{"start":{"line":720,"column":42},"end":{"line":720,"column":81}},{"start":{"line":720,"column":85},"end":{"line":720,"column":127}},{"start":{"line":720,"column":131},"end":{"line":720,"column":177}}],"line":720}},"s":{"0":2,"1":2,"2":2,"3":0,"4":0,"5":0,"6":0,"7":0,"8":0,"9":0,"10":0,"11":0,"12":0,"13":0,"14":2,"15":0,"16":0,"17":0,"18":0,"19":0,"20":0,"21":0,"22":0,"23":0,"24":0,"25":2,"26":0,"27":0,"28":0,"29":0,"30":0,"31":0,"32":0,"33":2,"34":0,"35":0,"36":0,"37":0,"38":0,"39":0,"40":0,"41":0,"42":2,"43":0,"44":0,"45":0,"46":0,"47":0,"48":0,"49":0,"50":0,"51":0,"52":0,"53":2,"54":0,"55":0,"56":0,"57":0,"58":0,"59":0,"60":0,"61":0,"62":2,"63":0,"64":0,"65":0,"66":0,"67":0,"68":0,"69":0,"70":0,"71":0,"72":0,"73":0,"74":2,"75":0,"76":0,"77":0,"78":0,"79":2,"80":0,"81":0,"82":0,"83":0,"84":0,"85":0,"86":0,"87":0,"88":2,"89":0,"90":0,"91":0,"92":0,"93":0,"94":0,"95":0,"96":0,"97":2,"98":0,"99":0,"100":0,"101":0,"102":0,"103":2,"104":0,"105":0,"106":0,"107":0,"108":0,"109":0,"110":2,"111":0,"112":0,"113":0,"114":0,"115":2,"116":0,"117":0,"118":0,"119":0,"120":0,"121":0,"122":0,"123":0,"124":0,"125":0,"126":0,"127":0,"128":0,"129":0,"130":2,"131":0,"132":0,"133":0,"134":0,"135":0,"136":0,"137":0,"138":0,"139":0,"140":0,"141":0,"142":0,"143":0,"144":2,"145":0,"146":0,"147":0,"148":0,"149":0,"150":0,"151":0,"152":0,"153":0,"154":0,"155":0,"156":0,"157":2,"158":0,"159":0,"160":0,"161":0,"162":0,"163":0,"164":0,"165":0,"166":0,"167":0,"168":0,"169":0,"170":2,"171":0,"172":0,"173":0,"174":0,"175":0,"176":0,"177":0,"178":0,"179":2,"180":0,"181":0,"182":0,"183":0,"184":0,"185":0,"186":0,"187":0,"188":0,"189":2,"190":0,"191":0,"192":0,"193":0,"194":0,"195":0,"196":0,"197":2,"198":0,"199":0,"200":0,"201":0,"202":0,"203":2,"204":0,"205":0,"206":0,"207":0,"208":0,"209":0,"210":0,"211":0,"212":2,"213":0,"214":0,"215":0,"216":0,"217":0,"218":0,"219":0,"220":0,"221":2,"222":0,"223":0,"224":0,"225":0,"226":0,"227":0,"228":0,"229":0,"230":0,"231":0,"232":0,"233":0,"234":0,"235":0,"236":0},"f":{"0":0,"1":0,"2":0,"3":0,"4":0,"5":0,"6":0,"7":0,"8":0,"9":0,"10":0,"11":0,"12":0,"13":0,"14":0,"15":0,"16":0,"17":0,"18":0,"19":0,"20":0,"21":0,"22":0,"23":0},"b":{"0":[0,0],"1":[0,0],"2":[0,0],"3":[0,0],"4":[0,0],"5":[0,0],"6":[0,0],"7":[0,0],"8":[0,0],"9":[0,0],"10":[0,0],"11":[0,0],"12":[0,0],"13":[0,0],"14":[0,0],"15":[0,0],"16":[0,0],"17":[0,0],"18":[0,0],"19":[0,0,0,0]},"_coverageSchema":"1a1c01bbd47fc00a2c39e90264f33305004495a9","hash":"adecbc8aea5cea52856fc4a00186eb59804ba967"}
,"/home/camran/Documents/Projects/alchilazo/Backend/src/controllers/usersController.js": {"path":"/home/camran/Documents/Projects/alchilazo/Backend/src/controllers/usersController.js","statementMap":{"0":{"start":{"line":2,"column":15},"end":{"line":2,"column":42}},"1":{"start":{"line":4,"column":17},"end":{"line":27,"column":1}},"2":{"start":{"line":5,"column":4},"end":{"line":26,"column":5}},"3":{"start":{"line":6,"column":27},"end":{"line":6,"column":31}},"4":{"start":{"line":7,"column":20},"end":{"line":9,"column":84}},"5":{"start":{"line":11,"column":8},"end":{"line":20,"column":10}},"6":{"start":{"line":12,"column":12},"end":{"line":12,"column":28}},"7":{"start":{"line":14,"column":12},"end":{"line":19,"column":13}},"8":{"start":{"line":15,"column":16},"end":{"line":15,"column":35}},"9":{"start":{"line":16,"column":16},"end":{"line":16,"column":97}},"10":{"start":{"line":18,"column":16},"end":{"line":18,"column":44}},"11":{"start":{"line":23,"column":8},"end":{"line":23,"column":40}},"12":{"start":{"line":24,"column":8},"end":{"line":24,"column":26}},"13":{"start":{"line":25,"column":8},"end":{"line":25,"column":81}},"14":{"start":{"line":29,"column":20},"end":{"line":52,"column":1}},"15":{"start":{"line":30,"column":4},"end":{"line":51,"column":5}},"16":{"start":{"line":31,"column":27},"end":{"line":31,"column":35}},"17":{"start":{"line":33,"column":27},"end":{"line":33,"column":31}},"18":{"start":{"line":34,"column":20},"end":{"line":34,"column":86}},"19":{"start":{"line":36,"column":8},"end":{"line":45,"column":10}},"20":{"start":{"line":37,"column":12},"end":{"line":37,"column":28}},"21":{"start":{"line":39,"column":12},"end":{"line":44,"column":13}},"22":{"start":{"line":40,"column":16},"end":{"line":40,"column":35}},"23":{"start":{"line":41,"column":16},"end":{"line":41,"column":100}},"24":{"start":{"line":43,"column":16},"end":{"line":43,"column":85}},"25":{"start":{"line":48,"column":8},"end":{"line":48,"column":43}},"26":{"start":{"line":49,"column":8},"end":{"line":49,"column":26}},"27":{"start":{"line":50,"column":8},"end":{"line":50,"column":81}},"28":{"start":{"line":55,"column":0},"end":{"line":58,"column":1}}},"fnMap":{"0":{"name":"(anonymous_0)","decl":{"start":{"line":4,"column":17},"end":{"line":4,"column":18}},"loc":{"start":{"line":4,"column":31},"end":{"line":27,"column":1}},"line":4},"1":{"name":"(anonymous_1)","decl":{"start":{"line":11,"column":32},"end":{"line":11,"column":33}},"loc":{"start":{"line":11,"column":51},"end":{"line":20,"column":9}},"line":11},"2":{"name":"(anonymous_2)","decl":{"start":{"line":29,"column":20},"end":{"line":29,"column":21}},"loc":{"start":{"line":29,"column":34},"end":{"line":52,"column":1}},"line":29},"3":{"name":"(anonymous_3)","decl":{"start":{"line":36,"column":32},"end":{"line":36,"column":33}},"loc":{"start":{"line":36,"column":51},"end":{"line":45,"column":9}},"line":36}},"branchMap":{"0":{"loc":{"start":{"line":14,"column":12},"end":{"line":19,"column":13}},"type":"if","locations":[{"start":{"line":14,"column":12},"end":{"line":19,"column":13}},{"start":{"line":17,"column":19},"end":{"line":19,"column":13}}],"line":14},"1":{"loc":{"start":{"line":39,"column":12},"end":{"line":44,"column":13}},"type":"if","locations":[{"start":{"line":39,"column":12},"end":{"line":44,"column":13}},{"start":{"line":42,"column":19},"end":{"line":44,"column":13}}],"line":39}},"s":{"0":2,"1":2,"2":0,"3":0,"4":0,"5":0,"6":0,"7":0,"8":0,"9":0,"10":0,"11":0,"12":0,"13":0,"14":2,"15":0,"16":0,"17":0,"18":0,"19":0,"20":0,"21":0,"22":0,"23":0,"24":0,"25":0,"26":0,"27":0,"28":2},"f":{"0":0,"1":0,"2":0,"3":0},"b":{"0":[0,0],"1":[0,0]},"_coverageSchema":"1a1c01bbd47fc00a2c39e90264f33305004495a9","hash":"ac5a53a2d90b7531a92bfca09353fc1dfc17cd32"}
,"/home/camran/Documents/Projects/alchilazo/Backend/src/routes/routes.js": {"path":"/home/camran/Documents/Projects/alchilazo/Backend/src/routes/routes.js","statementMap":{"0":{"start":{"line":1,"column":16},"end":{"line":1,"column":34}},"1":{"start":{"line":2,"column":15},"end":{"line":2,"column":31}},"2":{"start":{"line":3,"column":26},"end":{"line":3,"column":69}},"3":{"start":{"line":4,"column":27},"end":{"line":4,"column":71}},"4":{"start":{"line":5,"column":24},"end":{"line":5,"column":65}},"5":{"start":{"line":6,"column":37},"end":{"line":6,"column":91}},"6":{"start":{"line":7,"column":25},"end":{"line":7,"column":69}},"7":{"start":{"line":8,"column":17},"end":{"line":8,"column":46}},"8":{"start":{"line":9,"column":29},"end":{"line":9,"column":75}},"9":{"start":{"line":10,"column":31},"end":{"line":10,"column":79}},"10":{"start":{"line":11,"column":29},"end":{"line":11,"column":75}},"11":{"start":{"line":12,"column":26},"end":{"line":12,"column":69}},"12":{"start":{"line":13,"column":23},"end":{"line":13,"column":64}},"13":{"start":{"line":14,"column":29},"end":{"line":14,"column":75}},"14":{"start":{"line":15,"column":23},"end":{"line":15,"column":63}},"15":{"start":{"line":16,"column":19},"end":{"line":16,"column":49}},"16":{"start":{"line":18,"column":0},"end":{"line":18,"column":72}},"17":{"start":{"line":20,"column":0},"end":{"line":20,"column":68}},"18":{"start":{"line":21,"column":0},"end":{"line":21,"column":62}},"19":{"start":{"line":22,"column":0},"end":{"line":22,"column":62}},"20":{"start":{"line":23,"column":0},"end":{"line":28,"column":42}},"21":{"start":{"line":29,"column":0},"end":{"line":29,"column":61}},"22":{"start":{"line":30,"column":0},"end":{"line":30,"column":56}},"23":{"start":{"line":31,"column":0},"end":{"line":31,"column":70}},"24":{"start":{"line":32,"column":0},"end":{"line":32,"column":55}},"25":{"start":{"line":33,"column":0},"end":{"line":33,"column":93}},"26":{"start":{"line":34,"column":0},"end":{"line":34,"column":75}},"27":{"start":{"line":35,"column":0},"end":{"line":35,"column":69}},"28":{"start":{"line":36,"column":0},"end":{"line":36,"column":86}},"29":{"start":{"line":37,"column":0},"end":{"line":37,"column":85}},"30":{"start":{"line":40,"column":0},"end":{"line":40,"column":61}},"31":{"start":{"line":41,"column":0},"end":{"line":41,"column":88}},"32":{"start":{"line":42,"column":0},"end":{"line":42,"column":84}},"33":{"start":{"line":43,"column":0},"end":{"line":43,"column":81}},"34":{"start":{"line":44,"column":0},"end":{"line":44,"column":80}},"35":{"start":{"line":45,"column":0},"end":{"line":45,"column":73}},"36":{"start":{"line":46,"column":0},"end":{"line":46,"column":65}},"37":{"start":{"line":47,"column":0},"end":{"line":47,"column":74}},"38":{"start":{"line":48,"column":0},"end":{"line":48,"column":74}},"39":{"start":{"line":49,"column":0},"end":{"line":49,"column":70}},"40":{"start":{"line":50,"column":0},"end":{"line":50,"column":72}},"41":{"start":{"line":51,"column":0},"end":{"line":51,"column":58}},"42":{"start":{"line":52,"column":0},"end":{"line":52,"column":64}},"43":{"start":{"line":53,"column":0},"end":{"line":53,"column":57}},"44":{"start":{"line":56,"column":0},"end":{"line":56,"column":69}},"45":{"start":{"line":57,"column":0},"end":{"line":57,"column":68}},"46":{"start":{"line":58,"column":0},"end":{"line":58,"column":82}},"47":{"start":{"line":59,"column":0},"end":{"line":59,"column":80}},"48":{"start":{"line":60,"column":0},"end":{"line":60,"column":70}},"49":{"start":{"line":61,"column":0},"end":{"line":61,"column":68}},"50":{"start":{"line":62,"column":0},"end":{"line":62,"column":51}},"51":{"start":{"line":63,"column":0},"end":{"line":63,"column":55}},"52":{"start":{"line":66,"column":0},"end":{"line":66,"column":84}},"53":{"start":{"line":67,"column":0},"end":{"line":67,"column":87}},"54":{"start":{"line":68,"column":0},"end":{"line":68,"column":66}},"55":{"start":{"line":69,"column":0},"end":{"line":69,"column":70}},"56":{"start":{"line":70,"column":0},"end":{"line":70,"column":73}},"57":{"start":{"line":71,"column":0},"end":{"line":71,"column":77}},"58":{"start":{"line":72,"column":0},"end":{"line":72,"column":77}},"59":{"start":{"line":73,"column":0},"end":{"line":73,"column":77}},"60":{"start":{"line":74,"column":0},"end":{"line":74,"column":72}},"61":{"start":{"line":78,"column":0},"end":{"line":78,"column":66}},"62":{"start":{"line":79,"column":0},"end":{"line":79,"column":61}},"63":{"start":{"line":80,"column":0},"end":{"line":80,"column":54}},"64":{"start":{"line":82,"column":0},"end":{"line":82,"column":69}},"65":{"start":{"line":83,"column":0},"end":{"line":83,"column":63}},"66":{"start":{"line":86,"column":0},"end":{"line":86,"column":68}},"67":{"start":{"line":87,"column":0},"end":{"line":87,"column":62}},"68":{"start":{"line":88,"column":0},"end":{"line":88,"column":80}},"69":{"start":{"line":89,"column":0},"end":{"line":89,"column":70}},"70":{"start":{"line":92,"column":0},"end":{"line":92,"column":94}},"71":{"start":{"line":93,"column":0},"end":{"line":93,"column":86}},"72":{"start":{"line":94,"column":0},"end":{"line":94,"column":72}},"73":{"start":{"line":95,"column":0},"end":{"line":95,"column":80}},"74":{"start":{"line":97,"column":0},"end":{"line":97,"column":24}}},"fnMap":{},"branchMap":{},"s":{"0":2,"1":2,"2":2,"3":2,"4":2,"5":2,"6":2,"7":2,"8":2,"9":2,"10":2,"11":2,"12":2,"13":2,"14":2,"15":2,"16":2,"17":2,"18":2,"19":2,"20":2,"21":2,"22":2,"23":2,"24":2,"25":2,"26":2,"27":2,"28":2,"29":2,"30":2,"31":2,"32":2,"33":2,"34":2,"35":2,"36":2,"37":2,"38":2,"39":2,"40":2,"41":2,"42":2,"43":2,"44":2,"45":2,"46":2,"47":2,"48":2,"49":2,"50":2,"51":2,"52":2,"53":2,"54":2,"55":2,"56":2,"57":2,"58":2,"59":2,"60":2,"61":2,"62":2,"63":2,"64":2,"65":2,"66":2,"67":2,"68":2,"69":2,"70":2,"71":2,"72":2,"73":2,"74":2},"f":{},"b":{},"_coverageSchema":"1a1c01bbd47fc00a2c39e90264f33305004495a9","hash":"bfdee88b3e38c574f18aa26441d7e9f85616282c"}
}
