TN:
SF:src/index.js
FN:16,(anonymous_0)
FN:22,(anonymous_1)
FNF:2
FNH:1
FNDA:1,(anonymous_0)
FNDA:0,(anonymous_1)
DA:1,2
DA:2,2
DA:3,2
DA:4,2
DA:5,2
DA:6,2
DA:9,2
DA:10,2
DA:11,2
DA:12,2
DA:13,2
DA:14,2
DA:16,2
DA:17,1
DA:21,2
DA:22,0
DA:23,0
DA:27,2
DA:29,2
LF:19
LH:17
BRDA:6,0,0,2
BRDA:6,0,1,0
BRDA:21,1,0,0
BRDA:21,1,1,2
BRF:4
BRH:2
end_of_record
TN:
SF:src/config/config.js
FN:4,(anonymous_0)
FN:14,(anonymous_1)
FNF:2
FNH:0
FNDA:0,(anonymous_0)
FNDA:0,(anonymous_1)
DA:1,2
DA:2,2
DA:4,2
DA:5,0
DA:13,0
DA:14,0
DA:15,0
DA:16,0
DA:17,0
DA:18,0
DA:20,0
DA:21,0
DA:23,0
DA:27,2
LF:14
LH:4
BRDA:15,0,0,0
BRDA:15,0,1,0
BRF:2
BRH:0
end_of_record
TN:
SF:src/config/jwtConfig.js
FN:6,(anonymous_0)
FN:13,(anonymous_1)
FN:36,(anonymous_2)
FNF:3
FNH:1
FNDA:1,(anonymous_0)
FNDA:0,(anonymous_1)
FNDA:0,(anonymous_2)
DA:1,2
DA:2,2
DA:3,2
DA:6,2
DA:8,1
DA:9,1
DA:13,2
DA:15,0
DA:17,0
DA:18,0
DA:21,0
DA:23,0
DA:26,0
DA:27,0
DA:30,0
DA:32,0
DA:36,2
DA:37,0
DA:38,0
DA:39,0
DA:41,0
DA:42,0
DA:47,0
LF:23
LH:8
BRDA:17,0,0,0
BRDA:17,0,1,0
BRDA:41,1,0,0
BRDA:41,1,1,0
BRDA:41,2,0,0
BRDA:41,2,1,0
BRDA:41,2,2,0
BRF:7
BRH:0
end_of_record
TN:
SF:src/config/s3config.js
FN:21,(anonymous_0)
FN:24,(anonymous_1)
FNF:2
FNH:2
FNDA:14,(anonymous_0)
FNDA:14,(anonymous_1)
DA:1,2
DA:2,2
DA:3,2
DA:4,2
DA:5,2
DA:6,2
DA:7,2
DA:16,2
DA:22,14
DA:25,14
DA:51,2
LF:11
LH:11
BRF:0
BRH:0
end_of_record
TN:
SF:src/controllers/adminController.js
FN:8,(anonymous_0)
FN:30,(anonymous_1)
FN:38,(anonymous_2)
FN:55,(anonymous_3)
FN:65,(anonymous_4)
FN:82,(anonymous_5)
FN:85,(anonymous_6)
FN:100,(anonymous_7)
FN:179,(anonymous_8)
FNF:9
FNH:0
FNDA:0,(anonymous_0)
FNDA:0,(anonymous_1)
FNDA:0,(anonymous_2)
FNDA:0,(anonymous_3)
FNDA:0,(anonymous_4)
FNDA:0,(anonymous_5)
FNDA:0,(anonymous_6)
FNDA:0,(anonymous_7)
FNDA:0,(anonymous_8)
DA:2,2
DA:3,2
DA:4,2
DA:8,2
DA:10,0
DA:11,0
DA:12,0
DA:30,0
DA:31,0
DA:33,0
DA:34,0
DA:35,0
DA:37,0
DA:38,0
DA:39,0
DA:42,0
DA:49,0
DA:50,0
DA:51,0
DA:55,2
DA:57,0
DA:58,0
DA:59,0
DA:60,0
DA:62,0
DA:63,0
DA:65,0
DA:66,0
DA:67,0
DA:68,0
DA:69,0
DA:72,0
DA:74,0
DA:81,0
DA:83,0
DA:86,0
DA:87,0
DA:93,0
DA:94,0
DA:95,0
DA:100,2
DA:101,0
DA:176,0
DA:179,2
DA:180,0
DA:181,0
DA:182,0
DA:183,0
DA:185,0
DA:191,2
LF:50
LH:8
BRDA:33,0,0,0
BRDA:33,0,1,0
BRDA:37,1,0,0
BRDA:37,1,1,0
BRDA:59,2,0,0
BRDA:59,2,1,0
BRDA:60,3,0,0
BRDA:60,3,1,0
BRDA:62,4,0,0
BRDA:62,4,1,0
BRDA:67,5,0,0
BRDA:67,5,1,0
BRDA:78,6,0,0
BRDA:78,6,1,0
BRDA:181,7,0,0
BRDA:181,7,1,0
BRDA:181,8,0,0
BRDA:181,8,1,0
BRF:18
BRH:0
end_of_record
TN:
SF:src/controllers/depaCiudadController.js
FN:3,(anonymous_0)
FN:9,(anonymous_1)
FN:25,(anonymous_2)
FN:34,(anonymous_3)
FNF:4
FNH:0
FNDA:0,(anonymous_0)
FNDA:0,(anonymous_1)
FNDA:0,(anonymous_2)
FNDA:0,(anonymous_3)
DA:1,2
DA:3,2
DA:5,0
DA:6,0
DA:7,0
DA:9,0
DA:10,0
DA:12,0
DA:13,0
DA:15,0
DA:21,0
DA:25,2
DA:27,0
DA:29,0
DA:30,0
DA:32,0
DA:34,0
DA:35,0
DA:37,0
DA:38,0
DA:40,0
DA:46,0
DA:50,2
LF:23
LH:4
BRDA:12,0,0,0
BRDA:12,0,1,0
BRDA:37,1,0,0
BRDA:37,1,1,0
BRF:4
BRH:0
end_of_record
TN:
SF:src/controllers/empresaController.js
FN:8,encryptPassword
FN:14,comparePasswords
FN:21,compareCitys
FN:32,(anonymous_3)
FN:55,(anonymous_4)
FN:65,(anonymous_5)
FN:80,(anonymous_6)
FN:89,(anonymous_7)
FN:130,(anonymous_8)
FN:148,(anonymous_9)
FN:157,(anonymous_10)
FN:171,(anonymous_11)
FN:194,(anonymous_12)
FN:242,(anonymous_13)
FN:277,(anonymous_14)
FN:286,(anonymous_15)
FN:301,(anonymous_16)
FN:330,(anonymous_17)
FN:347,(anonymous_18)
FN:352,(anonymous_19)
FN:375,(anonymous_20)
FN:381,(anonymous_21)
FN:403,(anonymous_22)
FN:407,(anonymous_23)
FN:430,(anonymous_24)
FN:435,(anonymous_25)
FN:485,(anonymous_26)
FN:522,(anonymous_27)
FN:536,(anonymous_28)
FN:559,(anonymous_29)
FN:571,(anonymous_30)
FN:604,(anonymous_31)
FN:609,(anonymous_32)
FN:633,(anonymous_33)
FN:638,(anonymous_34)
FN:663,(anonymous_35)
FN:676,(anonymous_36)
FN:699,(anonymous_37)
FN:707,(anonymous_38)
FNF:39
FNH:35
FNDA:5,encryptPassword
FNDA:3,comparePasswords
FNDA:1,compareCitys
FNDA:2,(anonymous_3)
FNDA:2,(anonymous_4)
FNDA:1,(anonymous_5)
FNDA:2,(anonymous_6)
FNDA:2,(anonymous_7)
FNDA:2,(anonymous_8)
FNDA:2,(anonymous_9)
FNDA:2,(anonymous_10)
FNDA:1,(anonymous_11)
FNDA:1,(anonymous_12)
FNDA:3,(anonymous_13)
FNDA:3,(anonymous_14)
FNDA:2,(anonymous_15)
FNDA:0,(anonymous_16)
FNDA:0,(anonymous_17)
FNDA:1,(anonymous_18)
FNDA:1,(anonymous_19)
FNDA:0,(anonymous_20)
FNDA:0,(anonymous_21)
FNDA:1,(anonymous_22)
FNDA:1,(anonymous_23)
FNDA:3,(anonymous_24)
FNDA:3,(anonymous_25)
FNDA:2,(anonymous_26)
FNDA:2,(anonymous_27)
FNDA:1,(anonymous_28)
FNDA:1,(anonymous_29)
FNDA:1,(anonymous_30)
FNDA:2,(anonymous_31)
FNDA:2,(anonymous_32)
FNDA:2,(anonymous_33)
FNDA:2,(anonymous_34)
FNDA:2,(anonymous_35)
FNDA:2,(anonymous_36)
FNDA:2,(anonymous_37)
FNDA:2,(anonymous_38)
DA:1,2
DA:2,2
DA:3,2
DA:4,2
DA:5,2
DA:6,2
DA:9,5
DA:10,5
DA:11,5
DA:15,3
DA:16,2
DA:18,1
DA:22,1
DA:23,1
DA:24,0
DA:27,1
DA:32,2
DA:33,2
DA:34,2
DA:35,2
DA:36,2
DA:37,2
DA:41,2
DA:47,2
DA:53,2
DA:54,2
DA:55,2
DA:56,2
DA:57,1
DA:58,1
DA:64,1
DA:65,1
DA:66,1
DA:67,0
DA:68,0
DA:69,0
DA:75,1
DA:76,1
DA:77,1
DA:78,2
DA:79,2
DA:80,2
DA:81,2
DA:82,0
DA:83,0
DA:88,2
DA:89,2
DA:90,2
DA:91,0
DA:92,0
DA:97,2
DA:98,2
DA:103,2
DA:104,2
DA:105,1
DA:106,1
DA:121,0
DA:122,0
DA:130,2
DA:131,2
DA:132,2
DA:133,2
DA:134,2
DA:135,2
DA:144,2
DA:145,2
DA:146,2
DA:147,2
DA:148,2
DA:149,2
DA:150,0
DA:151,0
DA:156,2
DA:157,2
DA:158,2
DA:159,0
DA:160,0
DA:165,2
DA:166,2
DA:167,2
DA:168,2
DA:169,2
DA:171,1
DA:172,1
DA:173,1
DA:174,0
DA:180,1
DA:194,1
DA:195,1
DA:196,1
DA:197,0
DA:202,1
DA:216,0
DA:232,0
DA:233,0
DA:234,0
DA:242,2
DA:243,3
DA:244,3
DA:245,3
DA:246,3
DA:257,3
DA:275,3
DA:276,3
DA:277,3
DA:278,3
DA:279,0
DA:280,0
DA:285,3
DA:286,2
DA:287,2
DA:288,0
DA:289,0
DA:294,2
DA:295,1
DA:296,1
DA:301,0
DA:302,0
DA:303,0
DA:304,0
DA:309,0
DA:322,2
DA:323,2
DA:330,2
DA:331,0
DA:332,0
DA:333,0
DA:338,0
DA:339,0
DA:340,0
DA:347,2
DA:348,1
DA:349,1
DA:350,1
DA:351,1
DA:352,1
DA:353,1
DA:354,1
DA:355,0
DA:356,0
DA:361,1
DA:368,0
DA:375,2
DA:376,0
DA:377,0
DA:378,0
DA:379,0
DA:380,0
DA:381,0
DA:382,0
DA:383,0
DA:384,0
DA:385,0
DA:390,0
DA:397,0
DA:398,0
DA:399,0
DA:403,2
DA:404,1
DA:405,1
DA:406,1
DA:407,1
DA:408,1
DA:409,1
DA:410,0
DA:411,0
DA:416,1
DA:423,0
DA:424,0
DA:425,0
DA:430,2
DA:431,3
DA:432,3
DA:433,3
DA:434,3
DA:435,3
DA:436,3
DA:437,3
DA:438,0
DA:439,0
DA:444,3
DA:445,0
DA:449,3
DA:450,3
DA:451,3
DA:452,2
DA:453,1
DA:458,1
DA:459,1
DA:468,1
DA:477,0
DA:478,0
DA:485,2
DA:487,2
DA:488,2
DA:489,2
DA:490,2
DA:492,2
DA:493,2
DA:494,2
DA:495,2
DA:496,2
DA:498,2
DA:499,2
DA:501,2
DA:502,2
DA:504,2
DA:505,2
DA:511,2
DA:512,2
DA:513,2
DA:514,2
DA:517,2
DA:518,2
DA:519,2
DA:520,2
DA:522,2
DA:523,2
DA:524,0
DA:525,0
DA:526,0
DA:531,2
DA:532,1
DA:533,1
DA:534,1
DA:535,1
DA:536,1
DA:537,1
DA:538,1
DA:539,0
DA:540,0
DA:545,1
DA:546,1
DA:553,0
DA:554,0
DA:559,1
DA:560,1
DA:561,0
DA:562,0
DA:563,0
DA:568,1
DA:569,1
DA:570,1
DA:571,1
DA:572,1
DA:573,1
DA:574,0
DA:575,0
DA:580,1
DA:581,1
DA:595,0
DA:596,0
DA:597,0
DA:604,2
DA:605,2
DA:607,2
DA:608,2
DA:609,2
DA:610,2
DA:611,2
DA:612,1
DA:613,1
DA:618,1
DA:619,1
DA:626,0
DA:633,2
DA:634,2
DA:635,2
DA:636,2
DA:637,2
DA:638,2
DA:639,2
DA:640,2
DA:641,1
DA:642,1
DA:647,1
DA:648,1
DA:655,0
DA:663,2
DA:665,2
DA:666,2
DA:667,2
DA:668,2
DA:676,2
DA:677,2
DA:679,2
DA:680,1
DA:681,1
DA:686,1
DA:692,0
DA:693,0
DA:694,0
DA:699,2
DA:701,2
DA:702,2
DA:704,2
DA:705,2
DA:707,2
DA:708,2
DA:709,2
DA:710,1
DA:711,1
DA:713,1
DA:718,0
DA:719,0
DA:720,0
DA:727,2
LF:307
LH:222
BRDA:15,0,0,2
BRDA:15,0,1,1
BRDA:23,1,0,0
BRDA:23,1,1,1
BRDA:56,2,0,1
BRDA:56,2,1,1
BRDA:66,3,0,0
BRDA:66,3,1,1
BRDA:81,4,0,0
BRDA:81,4,1,2
BRDA:90,5,0,0
BRDA:90,5,1,2
BRDA:104,6,0,1
BRDA:104,6,1,1
BRDA:149,7,0,0
BRDA:149,7,1,2
BRDA:158,8,0,0
BRDA:158,8,1,2
BRDA:165,9,0,2
BRDA:165,9,1,0
BRDA:169,10,0,1
BRDA:169,10,1,1
BRDA:169,11,0,2
BRDA:169,11,1,1
BRDA:173,12,0,0
BRDA:173,12,1,1
BRDA:196,13,0,0
BRDA:196,13,1,1
BRDA:278,14,0,0
BRDA:278,14,1,3
BRDA:287,15,0,0
BRDA:287,15,1,2
BRDA:294,16,0,1
BRDA:294,16,1,0
BRDA:303,17,0,0
BRDA:303,17,1,0
BRDA:354,18,0,0
BRDA:354,18,1,1
BRDA:354,19,0,1
BRDA:354,19,1,1
BRDA:383,20,0,0
BRDA:383,20,1,0
BRDA:409,21,0,0
BRDA:409,21,1,1
BRDA:437,22,0,0
BRDA:437,22,1,3
BRDA:444,23,0,0
BRDA:444,23,1,3
BRDA:451,24,0,2
BRDA:451,24,1,1
BRDA:452,25,0,1
BRDA:452,25,1,1
BRDA:495,26,0,2
BRDA:495,26,1,0
BRDA:498,27,0,2
BRDA:498,27,1,0
BRDA:501,28,0,2
BRDA:501,28,1,0
BRDA:523,29,0,0
BRDA:523,29,1,2
BRDA:531,30,0,1
BRDA:531,30,1,1
BRDA:534,31,0,1
BRDA:534,31,1,0
BRDA:534,32,0,1
BRDA:534,32,1,1
BRDA:538,33,0,0
BRDA:538,33,1,1
BRDA:560,34,0,0
BRDA:560,34,1,1
BRDA:573,35,0,0
BRDA:573,35,1,1
BRDA:611,36,0,1
BRDA:611,36,1,1
BRDA:640,37,0,1
BRDA:640,37,1,1
BRDA:679,38,0,1
BRDA:679,38,1,1
BRDA:709,39,0,1
BRDA:709,39,1,1
BRF:80
BRH:52
end_of_record
TN:
SF:src/controllers/menuController.js
FN:4,(anonymous_0)
FN:17,(anonymous_1)
FNF:2
FNH:0
FNDA:0,(anonymous_0)
FNDA:0,(anonymous_1)
DA:2,2
DA:4,2
DA:5,0
DA:6,0
DA:7,0
DA:8,0
DA:17,0
DA:18,0
DA:20,0
DA:21,0
DA:22,0
DA:24,0
DA:32,0
DA:33,0
DA:34,0
DA:38,2
LF:16
LH:3
BRDA:20,0,0,0
BRDA:20,0,1,0
BRF:2
BRH:0
end_of_record
TN:
SF:src/controllers/productoController.js
FN:6,encryptPassword
FN:12,comparePasswords
FN:19,compareCitys
FN:29,(anonymous_3)
FN:49,(anonymous_4)
FN:62,(anonymous_5)
FN:76,(anonymous_6)
FN:108,(anonymous_7)
FN:128,(anonymous_8)
FN:152,(anonymous_9)
FN:160,(anonymous_10)
FN:182,(anonymous_11)
FN:196,(anonymous_12)
FN:220,(anonymous_13)
FN:226,(anonymous_14)
FN:251,(anonymous_15)
FN:259,(anonymous_16)
FN:276,(anonymous_17)
FN:285,(anonymous_18)
FN:316,(anonymous_19)
FN:328,(anonymous_20)
FN:353,(anonymous_21)
FN:369,(anonymous_22)
FN:392,(anonymous_23)
FN:404,(anonymous_24)
FN:427,(anonymous_25)
FN:436,(anonymous_26)
FN:452,(anonymous_27)
FN:479,(anonymous_28)
FN:488,(anonymous_29)
FN:511,(anonymous_30)
FN:515,(anonymous_31)
FNF:32
FNH:27
FNDA:0,encryptPassword
FNDA:0,comparePasswords
FNDA:0,compareCitys
FNDA:3,(anonymous_3)
FNDA:3,(anonymous_4)
FNDA:1,(anonymous_5)
FNDA:3,(anonymous_6)
FNDA:2,(anonymous_7)
FNDA:2,(anonymous_8)
FNDA:3,(anonymous_9)
FNDA:3,(anonymous_10)
FNDA:2,(anonymous_11)
FNDA:2,(anonymous_12)
FNDA:2,(anonymous_13)
FNDA:2,(anonymous_14)
FNDA:4,(anonymous_15)
FNDA:2,(anonymous_16)
FNDA:2,(anonymous_17)
FNDA:1,(anonymous_18)
FNDA:4,(anonymous_19)
FNDA:4,(anonymous_20)
FNDA:0,(anonymous_21)
FNDA:0,(anonymous_22)
FNDA:2,(anonymous_23)
FNDA:2,(anonymous_24)
FNDA:4,(anonymous_25)
FNDA:4,(anonymous_26)
FNDA:6,(anonymous_27)
FNDA:2,(anonymous_28)
FNDA:2,(anonymous_29)
FNDA:2,(anonymous_30)
FNDA:2,(anonymous_31)
DA:1,2
DA:2,2
DA:3,2
DA:4,2
DA:7,0
DA:8,0
DA:9,0
DA:13,0
DA:14,0
DA:16,0
DA:20,0
DA:21,0
DA:22,0
DA:25,0
DA:29,2
DA:30,3
DA:31,3
DA:32,3
DA:33,3
DA:49,3
DA:50,3
DA:51,1
DA:52,1
DA:53,1
DA:54,1
DA:60,2
DA:61,1
DA:62,1
DA:63,1
DA:64,0
DA:65,0
DA:66,0
DA:67,0
DA:73,1
DA:75,1
DA:76,3
DA:77,3
DA:78,1
DA:79,1
DA:80,1
DA:90,1
DA:98,0
DA:99,0
DA:100,0
DA:108,2
DA:109,2
DA:110,2
DA:111,2
DA:112,2
DA:113,2
DA:128,2
DA:129,2
DA:130,2
DA:131,1
DA:132,1
DA:137,1
DA:144,0
DA:145,0
DA:152,2
DA:153,3
DA:154,3
DA:155,3
DA:159,3
DA:160,3
DA:161,3
DA:162,3
DA:163,1
DA:164,1
DA:169,2
DA:175,0
DA:182,2
DA:183,2
DA:184,2
DA:185,2
DA:195,2
DA:196,2
DA:197,2
DA:198,2
DA:199,1
DA:200,1
DA:205,1
DA:211,0
DA:212,0
DA:220,2
DA:221,2
DA:222,2
DA:223,2
DA:224,2
DA:226,2
DA:227,2
DA:228,2
DA:229,1
DA:230,1
DA:235,1
DA:236,1
DA:242,0
DA:243,0
DA:251,2
DA:252,4
DA:253,4
DA:254,4
DA:255,4
DA:257,4
DA:258,4
DA:259,2
DA:260,2
DA:261,2
DA:262,1
DA:263,1
DA:269,1
DA:276,2
DA:277,2
DA:278,1
DA:279,1
DA:285,1
DA:286,1
DA:287,1
DA:288,0
DA:289,0
DA:295,1
DA:306,0
DA:307,0
DA:316,2
DA:317,4
DA:318,4
DA:319,4
DA:320,4
DA:328,4
DA:329,4
DA:330,4
DA:331,2
DA:332,2
DA:338,2
DA:344,0
DA:345,0
DA:353,2
DA:354,0
DA:355,0
DA:356,0
DA:357,0
DA:369,0
DA:370,0
DA:371,0
DA:372,0
DA:373,0
DA:378,0
DA:384,0
DA:385,0
DA:392,2
DA:393,2
DA:394,2
DA:395,2
DA:396,2
DA:404,2
DA:405,2
DA:406,2
DA:407,1
DA:408,1
DA:413,1
DA:419,0
DA:420,0
DA:427,2
DA:428,4
DA:429,4
DA:430,4
DA:431,4
DA:432,4
DA:433,4
DA:434,4
DA:436,4
DA:437,4
DA:438,1
DA:439,1
DA:444,3
DA:445,3
DA:446,3
DA:447,6
DA:448,6
DA:449,0
DA:451,6
DA:452,6
DA:453,6
DA:454,4
DA:455,4
DA:460,2
DA:461,1
DA:462,1
DA:473,2
DA:474,2
DA:475,2
DA:479,2
DA:480,2
DA:481,2
DA:482,2
DA:483,2
DA:484,2
DA:485,2
DA:486,2
DA:488,2
DA:489,2
DA:490,2
DA:491,1
DA:492,1
DA:497,1
DA:505,0
DA:506,0
DA:507,0
DA:511,2
DA:512,2
DA:513,2
DA:514,2
DA:515,2
DA:516,2
DA:517,2
DA:518,1
DA:519,1
DA:524,1
DA:531,0
DA:532,0
DA:533,0
DA:537,2
LF:221
LH:170
BRDA:13,0,0,0
BRDA:13,0,1,0
BRDA:21,1,0,0
BRDA:21,1,1,0
BRDA:33,2,0,2
BRDA:33,2,1,1
BRDA:50,3,0,1
BRDA:50,3,1,2
BRDA:60,4,0,1
BRDA:60,4,1,1
BRDA:63,5,0,0
BRDA:63,5,1,1
BRDA:77,6,0,1
BRDA:77,6,1,2
BRDA:113,7,0,2
BRDA:113,7,1,0
BRDA:130,8,0,1
BRDA:130,8,1,1
BRDA:155,9,0,1
BRDA:155,9,1,2
BRDA:162,10,0,1
BRDA:162,10,1,2
BRDA:198,11,0,1
BRDA:198,11,1,1
BRDA:228,12,0,1
BRDA:228,12,1,1
BRDA:255,13,0,2
BRDA:255,13,1,2
BRDA:258,14,0,2
BRDA:258,14,1,2
BRDA:261,15,0,1
BRDA:261,15,1,1
BRDA:277,16,0,1
BRDA:277,16,1,1
BRDA:287,17,0,0
BRDA:287,17,1,1
BRDA:330,18,0,2
BRDA:330,18,1,2
BRDA:371,19,0,0
BRDA:371,19,1,0
BRDA:406,20,0,1
BRDA:406,20,1,1
BRDA:437,21,0,1
BRDA:437,21,1,3
BRDA:448,22,0,0
BRDA:448,22,1,6
BRDA:453,23,0,4
BRDA:453,23,1,2
BRDA:460,24,0,1
BRDA:460,24,1,1
BRDA:490,25,0,1
BRDA:490,25,1,1
BRDA:517,26,0,1
BRDA:517,26,1,1
BRF:54
BRH:44
end_of_record
TN:
SF:src/controllers/registroUserController.js
FN:5,encryptPassword
FN:11,comparePasswords
FN:18,createCuponName
FN:29,(anonymous_3)
FN:35,(anonymous_4)
FN:44,(anonymous_5)
FN:79,(anonymous_6)
FN:91,(anonymous_7)
FN:107,(anonymous_8)
FN:117,(anonymous_9)
FN:135,(anonymous_10)
FN:143,(anonymous_11)
FNF:12
FNH:0
FNDA:0,encryptPassword
FNDA:0,comparePasswords
FNDA:0,createCuponName
FNDA:0,(anonymous_3)
FNDA:0,(anonymous_4)
FNDA:0,(anonymous_5)
FNDA:0,(anonymous_6)
FNDA:0,(anonymous_7)
FNDA:0,(anonymous_8)
FNDA:0,(anonymous_9)
FNDA:0,(anonymous_10)
FNDA:0,(anonymous_11)
DA:1,2
DA:2,2
DA:3,2
DA:6,0
DA:7,0
DA:8,0
DA:12,0
DA:13,0
DA:15,0
DA:19,0
DA:20,0
DA:21,0
DA:22,0
DA:24,0
DA:25,0
DA:26,0
DA:29,2
DA:30,0
DA:31,0
DA:32,0
DA:33,0
DA:34,0
DA:35,0
DA:36,0
DA:37,0
DA:38,0
DA:43,0
DA:44,0
DA:45,0
DA:46,0
DA:47,0
DA:52,0
DA:53,0
DA:58,0
DA:66,0
DA:74,0
DA:79,2
DA:81,0
DA:82,0
DA:83,0
DA:85,0
DA:86,0
DA:87,0
DA:88,0
DA:89,0
DA:91,0
DA:93,0
DA:94,0
DA:95,0
DA:100,0
DA:101,0
DA:102,0
DA:107,0
DA:108,0
DA:109,0
DA:110,0
DA:115,0
DA:116,0
DA:117,0
DA:118,0
DA:131,0
DA:135,2
DA:136,0
DA:138,0
DA:140,0
DA:141,0
DA:143,0
DA:144,0
DA:145,0
DA:146,0
DA:147,0
DA:152,0
DA:153,0
DA:157,0
DA:158,0
DA:159,0
DA:160,0
DA:168,0
DA:177,0
DA:178,0
DA:185,2
LF:81
LH:7
BRDA:12,0,0,0
BRDA:12,0,1,0
BRDA:36,1,0,0
BRDA:36,1,1,0
BRDA:43,2,0,0
BRDA:43,2,1,0
BRDA:46,3,0,0
BRDA:46,3,1,0
BRDA:52,4,0,0
BRDA:52,4,1,0
BRDA:93,5,0,0
BRDA:93,5,1,0
BRDA:100,6,0,0
BRDA:100,6,1,0
BRDA:108,7,0,0
BRDA:108,7,1,0
BRDA:145,8,0,0
BRDA:145,8,1,0
BRDA:152,9,0,0
BRDA:152,9,1,0
BRDA:158,10,0,0
BRDA:158,10,1,0
BRF:22
BRH:0
end_of_record
TN:
SF:src/controllers/repartidorController.js
FN:4,(anonymous_0)
FN:11,(anonymous_1)
FN:17,(anonymous_2)
FN:39,(anonymous_3)
FN:45,(anonymous_4)
FN:50,(anonymous_5)
FN:69,(anonymous_6)
FN:95,(anonymous_7)
FN:146,(anonymous_8)
FN:167,(anonymous_9)
FN:185,(anonymous_10)
FN:190,(anonymous_11)
FN:196,(anonymous_12)
FN:235,(anonymous_13)
FN:257,(anonymous_14)
FN:280,(anonymous_15)
FN:288,(anonymous_16)
FN:307,(anonymous_17)
FN:316,(anonymous_18)
FNF:19
FNH:0
FNDA:0,(anonymous_0)
FNDA:0,(anonymous_1)
FNDA:0,(anonymous_2)
FNDA:0,(anonymous_3)
FNDA:0,(anonymous_4)
FNDA:0,(anonymous_5)
FNDA:0,(anonymous_6)
FNDA:0,(anonymous_7)
FNDA:0,(anonymous_8)
FNDA:0,(anonymous_9)
FNDA:0,(anonymous_10)
FNDA:0,(anonymous_11)
FNDA:0,(anonymous_12)
FNDA:0,(anonymous_13)
FNDA:0,(anonymous_14)
FNDA:0,(anonymous_15)
FNDA:0,(anonymous_16)
FNDA:0,(anonymous_17)
FNDA:0,(anonymous_18)
DA:1,2
DA:2,2
DA:4,2
DA:6,0
DA:7,0
DA:8,0
DA:9,0
DA:10,0
DA:11,0
DA:12,0
DA:13,0
DA:14,0
DA:16,0
DA:17,0
DA:18,0
DA:19,0
DA:20,0
DA:21,0
DA:23,0
DA:29,0
DA:34,0
DA:35,0
DA:39,2
DA:40,0
DA:41,0
DA:42,0
DA:43,0
DA:44,0
DA:45,0
DA:46,0
DA:47,0
DA:48,0
DA:50,0
DA:51,0
DA:52,0
DA:53,0
DA:54,0
DA:56,0
DA:64,0
DA:65,0
DA:69,2
DA:70,0
DA:71,0
DA:72,0
DA:73,0
DA:94,0
DA:95,0
DA:96,0
DA:97,0
DA:98,0
DA:99,0
DA:101,0
DA:102,0
DA:106,0
DA:111,0
DA:146,2
DA:148,0
DA:149,0
DA:150,0
DA:152,0
DA:154,0
DA:155,0
DA:157,0
DA:158,0
DA:159,0
DA:160,0
DA:163,0
DA:165,0
DA:166,0
DA:167,0
DA:168,0
DA:169,0
DA:170,0
DA:171,0
DA:173,0
DA:174,0
DA:178,0
DA:179,0
DA:181,0
DA:183,0
DA:184,0
DA:185,0
DA:187,0
DA:189,0
DA:190,0
DA:191,0
DA:192,0
DA:193,0
DA:194,0
DA:195,0
DA:196,0
DA:197,0
DA:198,0
DA:199,0
DA:200,0
DA:203,0
DA:204,0
DA:205,0
DA:210,0
DA:211,0
DA:212,0
DA:215,0
DA:221,0
DA:225,0
DA:229,0
DA:235,2
DA:237,0
DA:238,0
DA:239,0
DA:240,0
DA:257,0
DA:258,0
DA:260,0
DA:261,0
DA:262,0
DA:267,0
DA:273,0
DA:274,0
DA:275,0
DA:280,2
DA:282,0
DA:283,0
DA:285,0
DA:286,0
DA:288,0
DA:289,0
DA:290,0
DA:291,0
DA:292,0
DA:294,0
DA:299,0
DA:300,0
DA:301,0
DA:307,2
DA:309,0
DA:310,0
DA:311,0
DA:312,0
DA:316,0
DA:317,0
DA:319,0
DA:320,0
DA:321,0
DA:325,0
DA:332,0
DA:333,0
DA:334,0
LF:147
LH:9
BRDA:12,0,0,0
BRDA:12,0,1,0
BRDA:16,1,0,0
BRDA:16,1,1,0
BRDA:19,2,0,0
BRDA:19,2,1,0
BRDA:46,3,0,0
BRDA:46,3,1,0
BRDA:52,4,0,0
BRDA:52,4,1,0
BRDA:97,5,0,0
BRDA:97,5,1,0
BRDA:101,6,0,0
BRDA:101,6,1,0
BRDA:149,7,0,0
BRDA:149,7,1,0
BRDA:150,8,0,0
BRDA:150,8,1,0
BRDA:169,9,0,0
BRDA:169,9,1,0
BRDA:173,10,0,0
BRDA:173,10,1,0
BRDA:179,11,0,0
BRDA:179,11,1,0
BRDA:187,12,0,0
BRDA:187,12,1,0
BRDA:197,13,0,0
BRDA:197,13,1,0
BRDA:210,14,0,0
BRDA:210,14,1,0
BRDA:240,15,0,0
BRDA:240,15,1,0
BRDA:260,16,0,0
BRDA:260,16,1,0
BRDA:285,17,0,0
BRDA:285,17,1,0
BRDA:290,18,0,0
BRDA:290,18,1,0
BRDA:319,19,0,0
BRDA:319,19,1,0
BRF:40
BRH:0
end_of_record
TN:
SF:src/controllers/repartidorRegisterController.js
FN:5,(anonymous_0)
FN:27,(anonymous_1)
FN:49,(anonymous_2)
FN:54,(anonymous_3)
FN:61,(anonymous_4)
FN:66,(anonymous_5)
FN:82,(anonymous_6)
FN:89,(anonymous_7)
FNF:8
FNH:0
FNDA:0,(anonymous_0)
FNDA:0,(anonymous_1)
FNDA:0,(anonymous_2)
FNDA:0,(anonymous_3)
FNDA:0,(anonymous_4)
FNDA:0,(anonymous_5)
FNDA:0,(anonymous_6)
FNDA:0,(anonymous_7)
DA:1,2
DA:2,2
DA:3,2
DA:5,2
DA:6,0
DA:7,0
DA:8,0
DA:9,0
DA:10,0
DA:11,0
DA:12,0
DA:13,0
DA:14,0
DA:15,0
DA:16,0
DA:17,0
DA:18,0
DA:19,0
DA:20,0
DA:23,0
DA:25,0
DA:26,0
DA:27,0
DA:28,0
DA:29,0
DA:30,0
DA:31,0
DA:35,0
DA:36,0
DA:43,0
DA:44,0
DA:47,0
DA:48,0
DA:49,0
DA:50,0
DA:52,0
DA:53,0
DA:54,0
DA:55,0
DA:56,0
DA:59,0
DA:60,0
DA:61,0
DA:62,0
DA:64,0
DA:65,0
DA:66,0
DA:67,0
DA:68,0
DA:70,0
DA:78,0
DA:82,2
DA:83,0
DA:84,0
DA:85,0
DA:86,0
DA:87,0
DA:88,0
DA:89,0
DA:90,0
DA:91,0
DA:92,0
DA:94,0
DA:95,0
DA:99,0
DA:100,0
DA:101,0
DA:102,0
DA:103,0
DA:104,0
DA:109,0
DA:110,0
DA:114,0
DA:115,0
LF:74
LH:5
BRDA:29,0,0,0
BRDA:29,0,1,0
BRDA:35,1,0,0
BRDA:35,1,1,0
BRDA:91,2,0,0
BRDA:91,2,1,0
BRDA:94,3,0,0
BRDA:94,3,1,0
BRDA:102,4,0,0
BRDA:102,4,1,0
BRF:10
BRH:0
end_of_record
TN:
SF:src/controllers/reportsConstroller.js
FN:3,(anonymous_0)
FN:22,(anonymous_1)
FN:39,(anonymous_2)
FN:50,(anonymous_3)
FN:63,(anonymous_4)
FN:81,(anonymous_5)
FN:93,(anonymous_6)
FN:105,(anonymous_7)
FN:121,(anonymous_8)
FN:137,(anonymous_9)
FNF:10
FNH:0
FNDA:0,(anonymous_0)
FNDA:0,(anonymous_1)
FNDA:0,(anonymous_2)
FNDA:0,(anonymous_3)
FNDA:0,(anonymous_4)
FNDA:0,(anonymous_5)
FNDA:0,(anonymous_6)
FNDA:0,(anonymous_7)
FNDA:0,(anonymous_8)
FNDA:0,(anonymous_9)
DA:1,2
DA:3,2
DA:5,0
DA:21,0
DA:22,0
DA:23,0
DA:24,0
DA:25,0
DA:28,0
DA:39,2
DA:41,0
DA:43,0
DA:49,0
DA:50,0
DA:51,0
DA:52,0
DA:53,0
DA:56,0
DA:62,0
DA:63,0
DA:64,0
DA:65,0
DA:66,0
DA:69,0
DA:75,0
DA:76,0
DA:77,0
DA:81,2
DA:83,0
DA:85,0
DA:92,0
DA:93,0
DA:94,0
DA:95,0
DA:96,0
DA:99,0
DA:104,0
DA:105,0
DA:106,0
DA:107,0
DA:109,0
DA:115,0
DA:116,0
DA:117,0
DA:121,2
DA:122,0
DA:124,0
DA:136,0
DA:137,0
DA:138,0
DA:139,0
DA:140,0
DA:141,0
DA:144,0
DA:149,0
DA:150,0
DA:151,0
DA:156,2
LF:58
LH:6
BRDA:24,0,0,0
BRDA:24,0,1,0
BRDA:52,1,0,0
BRDA:52,1,1,0
BRDA:62,2,0,0
BRDA:62,2,1,0
BRDA:95,3,0,0
BRDA:95,3,1,0
BRDA:104,4,0,0
BRDA:104,4,1,0
BRDA:139,5,0,0
BRDA:139,5,1,0
BRF:12
BRH:0
end_of_record
TN:
SF:src/controllers/sqlSimpleController.js
FN:2,(anonymous_0)
FN:5,(anonymous_1)
FN:8,(anonymous_2)
FN:48,(anonymous_3)
FN:52,(anonymous_4)
FN:56,(anonymous_5)
FNF:6
FNH:0
FNDA:0,(anonymous_0)
FNDA:0,(anonymous_1)
FNDA:0,(anonymous_2)
FNDA:0,(anonymous_3)
FNDA:0,(anonymous_4)
FNDA:0,(anonymous_5)
DA:1,2
DA:2,2
DA:3,0
DA:4,0
DA:5,0
DA:6,0
DA:7,0
DA:8,0
DA:9,0
DA:10,0
DA:11,0
DA:12,0
DA:13,0
DA:18,0
DA:19,0
DA:20,0
DA:21,0
DA:27,0
DA:29,0
DA:37,0
DA:38,0
DA:39,0
DA:48,2
DA:49,0
DA:50,0
DA:52,0
DA:53,0
DA:55,0
DA:56,0
DA:57,0
DA:59,0
DA:60,0
DA:61,0
DA:62,0
DA:68,0
DA:69,0
DA:78,0
DA:79,0
DA:80,0
LF:39
LH:3
BRDA:10,0,0,0
BRDA:10,0,1,0
BRDA:18,1,0,0
BRDA:18,1,1,0
BRDA:59,2,0,0
BRDA:59,2,1,0
BRF:6
BRH:0
end_of_record
TN:
SF:src/controllers/userPedidoController.js
FN:3,(anonymous_0)
FN:39,(anonymous_1)
FN:74,(anonymous_2)
FN:113,(anonymous_3)
FN:138,(anonymous_4)
FN:163,(anonymous_5)
FN:188,(anonymous_6)
FN:211,(anonymous_7)
FN:226,(anonymous_8)
FN:255,(anonymous_9)
FN:294,(anonymous_10)
FN:313,(anonymous_11)
FN:338,(anonymous_12)
FN:373,(anonymous_13)
FN:420,(anonymous_14)
FN:466,(anonymous_15)
FN:500,(anonymous_16)
FN:539,(anonymous_17)
FN:575,(anonymous_18)
FN:597,(anonymous_19)
FN:622,(anonymous_20)
FN:645,(anonymous_21)
FN:674,(anonymous_22)
FN:700,(anonymous_23)
FNF:24
FNH:0
FNDA:0,(anonymous_0)
FNDA:0,(anonymous_1)
FNDA:0,(anonymous_2)
FNDA:0,(anonymous_3)
FNDA:0,(anonymous_4)
FNDA:0,(anonymous_5)
FNDA:0,(anonymous_6)
FNDA:0,(anonymous_7)
FNDA:0,(anonymous_8)
FNDA:0,(anonymous_9)
FNDA:0,(anonymous_10)
FNDA:0,(anonymous_11)
FNDA:0,(anonymous_12)
FNDA:0,(anonymous_13)
FNDA:0,(anonymous_14)
FNDA:0,(anonymous_15)
FNDA:0,(anonymous_16)
FNDA:0,(anonymous_17)
FNDA:0,(anonymous_18)
FNDA:0,(anonymous_19)
FNDA:0,(anonymous_20)
FNDA:0,(anonymous_21)
FNDA:0,(anonymous_22)
FNDA:0,(anonymous_23)
DA:1,2
DA:2,2
DA:3,2
DA:4,0
DA:5,0
DA:7,0
DA:23,0
DA:24,0
DA:25,0
DA:26,0
DA:27,0
DA:28,0
DA:29,0
DA:32,0
DA:39,2
DA:40,0
DA:41,0
DA:44,0
DA:58,0
DA:59,0
DA:60,0
DA:61,0
DA:63,0
DA:64,0
DA:67,0
DA:74,2
DA:75,0
DA:76,0
DA:78,0
DA:96,0
DA:97,0
DA:98,0
DA:100,0
DA:113,2
DA:115,0
DA:122,0
DA:123,0
DA:124,0
DA:125,0
DA:126,0
DA:127,0
DA:129,0
DA:138,2
DA:140,0
DA:146,0
DA:147,0
DA:148,0
DA:149,0
DA:150,0
DA:151,0
DA:152,0
DA:153,0
DA:155,0
DA:163,2
DA:165,0
DA:172,0
DA:173,0
DA:174,0
DA:175,0
DA:176,0
DA:177,0
DA:179,0
DA:188,2
DA:189,0
DA:190,0
DA:191,0
DA:192,0
DA:193,0
DA:194,0
DA:196,0
DA:197,0
DA:201,0
DA:202,0
DA:205,0
DA:211,2
DA:212,0
DA:213,0
DA:214,0
DA:216,0
DA:226,2
DA:228,0
DA:235,0
DA:236,0
DA:237,0
DA:238,0
DA:239,0
DA:240,0
DA:243,0
DA:255,2
DA:256,0
DA:271,0
DA:272,0
DA:273,0
DA:275,0
DA:276,0
DA:277,0
DA:280,0
DA:294,2
DA:295,0
DA:297,0
DA:299,0
DA:302,0
DA:303,0
DA:313,2
DA:315,0
DA:322,0
DA:323,0
DA:325,0
DA:327,0
DA:329,0
DA:338,2
DA:340,0
DA:359,0
DA:360,0
DA:362,0
DA:373,2
DA:375,0
DA:386,0
DA:387,0
DA:388,0
DA:389,0
DA:390,0
DA:391,0
DA:392,0
DA:393,0
DA:394,0
DA:396,0
DA:398,0
DA:399,0
DA:402,0
DA:420,2
DA:421,0
DA:423,0
DA:424,0
DA:427,0
DA:438,0
DA:439,0
DA:440,0
DA:441,0
DA:443,0
DA:444,0
DA:445,0
DA:447,0
DA:449,0
DA:466,2
DA:467,0
DA:468,0
DA:469,0
DA:472,0
DA:473,0
DA:476,0
DA:477,0
DA:480,0
DA:482,0
DA:483,0
DA:485,0
DA:486,0
DA:500,2
DA:501,0
DA:502,0
DA:503,0
DA:505,0
DA:514,0
DA:515,0
DA:517,0
DA:518,0
DA:519,0
DA:522,0
DA:524,0
DA:525,0
DA:539,2
DA:540,0
DA:541,0
DA:542,0
DA:552,0
DA:553,0
DA:555,0
DA:557,0
DA:558,0
DA:575,2
DA:576,0
DA:577,0
DA:578,0
DA:581,0
DA:582,0
DA:585,0
DA:588,0
DA:590,0
DA:591,0
DA:597,2
DA:598,0
DA:599,0
DA:602,0
DA:609,0
DA:610,0
DA:611,0
DA:614,0
DA:622,2
DA:624,0
DA:632,0
DA:633,0
DA:634,0
DA:636,0
DA:645,2
DA:646,0
DA:647,0
DA:648,0
DA:655,0
DA:656,0
DA:658,0
DA:660,0
DA:661,0
DA:674,2
DA:675,0
DA:676,0
DA:677,0
DA:686,0
DA:687,0
DA:689,0
DA:691,0
DA:692,0
DA:700,2
DA:701,0
DA:702,0
DA:704,0
DA:705,0
DA:708,0
DA:709,0
DA:710,0
DA:711,0
DA:712,0
DA:713,0
DA:716,0
DA:718,0
DA:720,0
DA:722,0
DA:727,0
LF:237
LH:26
BRDA:28,0,0,0
BRDA:28,0,1,0
BRDA:63,1,0,0
BRDA:63,1,1,0
BRDA:126,2,0,0
BRDA:126,2,1,0
BRDA:151,3,0,0
BRDA:151,3,1,0
BRDA:176,4,0,0
BRDA:176,4,1,0
BRDA:194,5,0,0
BRDA:194,5,1,0
BRDA:201,6,0,0
BRDA:201,6,1,0
BRDA:239,7,0,0
BRDA:239,7,1,0
BRDA:276,8,0,0
BRDA:276,8,1,0
BRDA:297,9,0,0
BRDA:297,9,1,0
BRDA:325,10,0,0
BRDA:325,10,1,0
BRDA:396,11,0,0
BRDA:396,11,1,0
BRDA:424,12,0,0
BRDA:424,12,1,0
BRDA:438,13,0,0
BRDA:438,13,1,0
BRDA:443,14,0,0
BRDA:443,14,1,0
BRDA:476,15,0,0
BRDA:476,15,1,0
BRDA:517,16,0,0
BRDA:517,16,1,0
BRDA:711,17,0,0
BRDA:711,17,1,0
BRDA:720,18,0,0
BRDA:720,18,1,0
BRDA:720,19,0,0
BRDA:720,19,1,0
BRDA:720,19,2,0
BRDA:720,19,3,0
BRF:42
BRH:0
end_of_record
TN:
SF:src/controllers/usersController.js
FN:4,(anonymous_0)
FN:11,(anonymous_1)
FN:29,(anonymous_2)
FN:36,(anonymous_3)
FNF:4
FNH:0
FNDA:0,(anonymous_0)
FNDA:0,(anonymous_1)
FNDA:0,(anonymous_2)
FNDA:0,(anonymous_3)
DA:2,2
DA:4,2
DA:5,0
DA:6,0
DA:7,0
DA:11,0
DA:12,0
DA:14,0
DA:15,0
DA:16,0
DA:18,0
DA:23,0
DA:24,0
DA:25,0
DA:29,2
DA:30,0
DA:31,0
DA:33,0
DA:34,0
DA:36,0
DA:37,0
DA:39,0
DA:40,0
DA:41,0
DA:43,0
DA:48,0
DA:49,0
DA:50,0
DA:55,2
LF:29
LH:4
BRDA:14,0,0,0
BRDA:14,0,1,0
BRDA:39,1,0,0
BRDA:39,1,1,0
BRF:4
BRH:0
end_of_record
TN:
SF:src/routes/routes.js
FNF:0
FNH:0
DA:1,2
DA:2,2
DA:3,2
DA:4,2
DA:5,2
DA:6,2
DA:7,2
DA:8,2
DA:9,2
DA:10,2
DA:11,2
DA:12,2
DA:13,2
DA:14,2
DA:15,2
DA:16,2
DA:18,2
DA:20,2
DA:21,2
DA:22,2
DA:23,2
DA:29,2
DA:30,2
DA:31,2
DA:32,2
DA:33,2
DA:34,2
DA:35,2
DA:36,2
DA:37,2
DA:40,2
DA:41,2
DA:42,2
DA:43,2
DA:44,2
DA:45,2
DA:46,2
DA:47,2
DA:48,2
DA:49,2
DA:50,2
DA:51,2
DA:52,2
DA:53,2
DA:56,2
DA:57,2
DA:58,2
DA:59,2
DA:60,2
DA:61,2
DA:62,2
DA:63,2
DA:66,2
DA:67,2
DA:68,2
DA:69,2
DA:70,2
DA:71,2
DA:72,2
DA:73,2
DA:74,2
DA:78,2
DA:79,2
DA:80,2
DA:82,2
DA:83,2
DA:86,2
DA:87,2
DA:88,2
DA:89,2
DA:92,2
DA:93,2
DA:94,2
DA:95,2
DA:97,2
LF:75
LH:75
BRF:0
BRH:0
end_of_record
